[
  {
    "line": 1,
    "elements": [
      {
        "start_timestamp": "2021-05-26T15:17:21.454Z",
        "line": 14,
        "name": "file Csv to Json",
        "description": "",
        "id": "action-on-file-.csv;file-csv-to-json;;2",
        "type": "scenario",
        "keyword": "Scenario Outline",
        "steps": [
          {
            "result": {
              "duration": 5468124,
              "status": "passed"
            },
            "line": 6,
            "name": "user have file",
            "match": {
              "location": "com.csv.CsvStep.userHaveFile()"
            },
            "keyword": "Given "
          },
          {
            "result": {
              "duration": 5861540,
              "status": "passed"
            },
            "line": 7,
            "name": "insert file CSV \"/home/alessio/Downloads/biostats.csv\"",
            "match": {
              "arguments": [
                {
                  "val": "\"/home/alessio/Downloads/biostats.csv\"",
                  "offset": 16
                }
              ],
              "location": "com.csv.CsvStep.userInsertFileCSV(java.lang.String)"
            },
            "keyword": "When "
          },
          {
            "result": {
              "duration": 189661565,
              "status": "passed"
            },
            "line": 8,
            "name": "convert the file and see content with first method",
            "match": {
              "location": "com.csv.CsvStep.convertTheFileAndSeeContentWithFirstMethod()"
            },
            "keyword": "Then "
          }
        ]
      },
      {
        "start_timestamp": "2021-05-26T15:17:21.741Z",
        "line": 15,
        "name": "file Csv to Json",
        "description": "",
        "id": "action-on-file-.csv;file-csv-to-json;;3",
        "type": "scenario",
        "keyword": "Scenario Outline",
        "steps": [
          {
            "result": {
              "duration": 214233,
              "status": "passed"
            },
            "line": 6,
            "name": "user have file",
            "match": {
              "location": "com.csv.CsvStep.userHaveFile()"
            },
            "keyword": "Given "
          },
          {
            "result": {
              "error_message": "org.opentest4j.AssertionFailedError: Unexpected exception thrown: customexception.FileEmptyException: File empty\n\tat org.junit.jupiter.api.AssertDoesNotThrow.createAssertionFailedError(AssertDoesNotThrow.java:83)\n\tat org.junit.jupiter.api.AssertDoesNotThrow.assertDoesNotThrow(AssertDoesNotThrow.java:54)\n\tat org.junit.jupiter.api.AssertDoesNotThrow.assertDoesNotThrow(AssertDoesNotThrow.java:37)\n\tat org.junit.jupiter.api.Assertions.assertDoesNotThrow(Assertions.java:3060)\n\tat com.csv.CsvStep.userInsertFileCSV(CsvStep.java:23)\n\tat ✽.insert file CSV \"/home/alessio/Downloads/empty.csv\"(file:///home/alessio/IdeaProjects/java-csv/src/test/java/features/Csv.feature:7)\nCaused by: customexception.FileEmptyException: File empty\n\tat opencsv.Csv.setFile(Csv.java:142)\n\tat com.csv.CsvStep$1.execute(CsvStep.java:26)\n\tat org.junit.jupiter.api.AssertDoesNotThrow.assertDoesNotThrow(AssertDoesNotThrow.java:50)\n\tat org.junit.jupiter.api.AssertDoesNotThrow.assertDoesNotThrow(AssertDoesNotThrow.java:37)\n\tat org.junit.jupiter.api.Assertions.assertDoesNotThrow(Assertions.java:3060)\n\tat com.csv.CsvStep.userInsertFileCSV(CsvStep.java:23)\n\tat java.base/jdk.internal.reflect.NativeMethodAccessorImpl.invoke0(Native Method)\n\tat java.base/jdk.internal.reflect.NativeMethodAccessorImpl.invoke(NativeMethodAccessorImpl.java:78)\n\tat java.base/jdk.internal.reflect.DelegatingMethodAccessorImpl.invoke(DelegatingMethodAccessorImpl.java:43)\n\tat java.base/java.lang.reflect.Method.invoke(Method.java:567)\n\tat io.cucumber.java.Invoker.doInvoke(Invoker.java:66)\n\tat io.cucumber.java.Invoker.invoke(Invoker.java:24)\n\tat io.cucumber.java.AbstractGlueDefinition.invokeMethod(AbstractGlueDefinition.java:47)\n\tat io.cucumber.java.JavaStepDefinition.execute(JavaStepDefinition.java:29)\n\tat io.cucumber.core.runner.CoreStepDefinition.execute(CoreStepDefinition.java:66)\n\tat io.cucumber.core.runner.PickleStepDefinitionMatch.runStep(PickleStepDefinitionMatch.java:63)\n\tat io.cucumber.core.runner.ExecutionMode$1.execute(ExecutionMode.java:10)\n\tat io.cucumber.core.runner.TestStep.executeStep(TestStep.java:92)\n\tat io.cucumber.core.runner.TestStep.run(TestStep.java:64)\n\tat io.cucumber.core.runner.PickleStepTestStep.run(PickleStepTestStep.java:51)\n\tat io.cucumber.core.runner.TestCase.run(TestCase.java:104)\n\tat io.cucumber.core.runner.Runner.runPickle(Runner.java:71)\n\tat io.cucumber.junit.PickleRunners$NoStepDescriptions.run(PickleRunners.java:151)\n\tat io.cucumber.junit.FeatureRunner.runChild(FeatureRunner.java:135)\n\tat io.cucumber.junit.FeatureRunner.runChild(FeatureRunner.java:27)\n\tat org.junit.runners.ParentRunner$4.run(ParentRunner.java:331)\n\tat org.junit.runners.ParentRunner$1.schedule(ParentRunner.java:79)\n\tat org.junit.runners.ParentRunner.runChildren(ParentRunner.java:329)\n\tat org.junit.runners.ParentRunner.access$100(ParentRunner.java:66)\n\tat org.junit.runners.ParentRunner$2.evaluate(ParentRunner.java:293)\n\tat org.junit.runners.ParentRunner$3.evaluate(ParentRunner.java:306)\n\tat org.junit.runners.ParentRunner.run(ParentRunner.java:413)\n\tat io.cucumber.junit.Cucumber.runChild(Cucumber.java:199)\n\tat io.cucumber.junit.Cucumber.runChild(Cucumber.java:90)\n\tat org.junit.runners.ParentRunner$4.run(ParentRunner.java:331)\n\tat org.junit.runners.ParentRunner$1.schedule(ParentRunner.java:79)\n\tat org.junit.runners.ParentRunner.runChildren(ParentRunner.java:329)\n\tat org.junit.runners.ParentRunner.access$100(ParentRunner.java:66)\n\tat org.junit.runners.ParentRunner$2.evaluate(ParentRunner.java:293)\n\tat io.cucumber.junit.Cucumber$RunCucumber.evaluate(Cucumber.java:234)\n\tat org.junit.runners.ParentRunner$3.evaluate(ParentRunner.java:306)\n\tat org.junit.runners.ParentRunner.run(ParentRunner.java:413)\n\tat org.junit.runner.JUnitCore.run(JUnitCore.java:137)\n\tat com.intellij.junit4.JUnit4IdeaTestRunner.startRunnerWithArgs(JUnit4IdeaTestRunner.java:69)\n\tat com.intellij.rt.junit.IdeaTestRunner$Repeater.startRunnerWithArgs(IdeaTestRunner.java:33)\n\tat com.intellij.rt.junit.JUnitStarter.prepareStreamsAndStart(JUnitStarter.java:221)\n\tat com.intellij.rt.junit.JUnitStarter.main(JUnitStarter.java:54)\n",
              "duration": 4096399,
              "status": "failed"
            },
            "line": 7,
            "name": "insert file CSV \"/home/alessio/Downloads/empty.csv\"",
            "match": {
              "arguments": [
                {
                  "val": "\"/home/alessio/Downloads/empty.csv\"",
                  "offset": 16
                }
              ],
              "location": "com.csv.CsvStep.userInsertFileCSV(java.lang.String)"
            },
            "keyword": "When "
          },
          {
            "result": {
              "duration": 394453,
              "status": "skipped"
            },
            "line": 8,
            "name": "convert the file and see content with first method",
            "match": {
              "location": "com.csv.CsvStep.convertTheFileAndSeeContentWithFirstMethod()"
            },
            "keyword": "Then "
          }
        ]
      },
      {
        "start_timestamp": "2021-05-26T15:17:21.768Z",
        "line": 16,
        "name": "file Csv to Json",
        "description": "",
        "id": "action-on-file-.csv;file-csv-to-json;;4",
        "type": "scenario",
        "keyword": "Scenario Outline",
        "steps": [
          {
            "result": {
              "duration": 201572,
              "status": "passed"
            },
            "line": 6,
            "name": "user have file",
            "match": {
              "location": "com.csv.CsvStep.userHaveFile()"
            },
            "keyword": "Given "
          },
          {
            "result": {
              "error_message": "org.opentest4j.AssertionFailedError: Unexpected exception thrown: customexception.NotCsvException: File not found or not Csv (control your file)\n\tat org.junit.jupiter.api.AssertDoesNotThrow.createAssertionFailedError(AssertDoesNotThrow.java:83)\n\tat org.junit.jupiter.api.AssertDoesNotThrow.assertDoesNotThrow(AssertDoesNotThrow.java:54)\n\tat org.junit.jupiter.api.AssertDoesNotThrow.assertDoesNotThrow(AssertDoesNotThrow.java:37)\n\tat org.junit.jupiter.api.Assertions.assertDoesNotThrow(Assertions.java:3060)\n\tat com.csv.CsvStep.userInsertFileCSV(CsvStep.java:23)\n\tat ✽.insert file CSV \"/home/alessio/Downloads/sur.css\"(file:///home/alessio/IdeaProjects/java-csv/src/test/java/features/Csv.feature:7)\nCaused by: customexception.NotCsvException: File not found or not Csv (control your file)\n\tat opencsv.Csv.setFile(Csv.java:147)\n\tat com.csv.CsvStep$1.execute(CsvStep.java:26)\n\tat org.junit.jupiter.api.AssertDoesNotThrow.assertDoesNotThrow(AssertDoesNotThrow.java:50)\n\tat org.junit.jupiter.api.AssertDoesNotThrow.assertDoesNotThrow(AssertDoesNotThrow.java:37)\n\tat org.junit.jupiter.api.Assertions.assertDoesNotThrow(Assertions.java:3060)\n\tat com.csv.CsvStep.userInsertFileCSV(CsvStep.java:23)\n\tat java.base/jdk.internal.reflect.NativeMethodAccessorImpl.invoke0(Native Method)\n\tat java.base/jdk.internal.reflect.NativeMethodAccessorImpl.invoke(NativeMethodAccessorImpl.java:78)\n\tat java.base/jdk.internal.reflect.DelegatingMethodAccessorImpl.invoke(DelegatingMethodAccessorImpl.java:43)\n\tat java.base/java.lang.reflect.Method.invoke(Method.java:567)\n\tat io.cucumber.java.Invoker.doInvoke(Invoker.java:66)\n\tat io.cucumber.java.Invoker.invoke(Invoker.java:24)\n\tat io.cucumber.java.AbstractGlueDefinition.invokeMethod(AbstractGlueDefinition.java:47)\n\tat io.cucumber.java.JavaStepDefinition.execute(JavaStepDefinition.java:29)\n\tat io.cucumber.core.runner.CoreStepDefinition.execute(CoreStepDefinition.java:66)\n\tat io.cucumber.core.runner.PickleStepDefinitionMatch.runStep(PickleStepDefinitionMatch.java:63)\n\tat io.cucumber.core.runner.ExecutionMode$1.execute(ExecutionMode.java:10)\n\tat io.cucumber.core.runner.TestStep.executeStep(TestStep.java:92)\n\tat io.cucumber.core.runner.TestStep.run(TestStep.java:64)\n\tat io.cucumber.core.runner.PickleStepTestStep.run(PickleStepTestStep.java:51)\n\tat io.cucumber.core.runner.TestCase.run(TestCase.java:104)\n\tat io.cucumber.core.runner.Runner.runPickle(Runner.java:71)\n\tat io.cucumber.junit.PickleRunners$NoStepDescriptions.run(PickleRunners.java:151)\n\tat io.cucumber.junit.FeatureRunner.runChild(FeatureRunner.java:135)\n\tat io.cucumber.junit.FeatureRunner.runChild(FeatureRunner.java:27)\n\tat org.junit.runners.ParentRunner$4.run(ParentRunner.java:331)\n\tat org.junit.runners.ParentRunner$1.schedule(ParentRunner.java:79)\n\tat org.junit.runners.ParentRunner.runChildren(ParentRunner.java:329)\n\tat org.junit.runners.ParentRunner.access$100(ParentRunner.java:66)\n\tat org.junit.runners.ParentRunner$2.evaluate(ParentRunner.java:293)\n\tat org.junit.runners.ParentRunner$3.evaluate(ParentRunner.java:306)\n\tat org.junit.runners.ParentRunner.run(ParentRunner.java:413)\n\tat io.cucumber.junit.Cucumber.runChild(Cucumber.java:199)\n\tat io.cucumber.junit.Cucumber.runChild(Cucumber.java:90)\n\tat org.junit.runners.ParentRunner$4.run(ParentRunner.java:331)\n\tat org.junit.runners.ParentRunner$1.schedule(ParentRunner.java:79)\n\tat org.junit.runners.ParentRunner.runChildren(ParentRunner.java:329)\n\tat org.junit.runners.ParentRunner.access$100(ParentRunner.java:66)\n\tat org.junit.runners.ParentRunner$2.evaluate(ParentRunner.java:293)\n\tat io.cucumber.junit.Cucumber$RunCucumber.evaluate(Cucumber.java:234)\n\tat org.junit.runners.ParentRunner$3.evaluate(ParentRunner.java:306)\n\tat org.junit.runners.ParentRunner.run(ParentRunner.java:413)\n\tat org.junit.runner.JUnitCore.run(JUnitCore.java:137)\n\tat com.intellij.junit4.JUnit4IdeaTestRunner.startRunnerWithArgs(JUnit4IdeaTestRunner.java:69)\n\tat com.intellij.rt.junit.IdeaTestRunner$Repeater.startRunnerWithArgs(IdeaTestRunner.java:33)\n\tat com.intellij.rt.junit.JUnitStarter.prepareStreamsAndStart(JUnitStarter.java:221)\n\tat com.intellij.rt.junit.JUnitStarter.main(JUnitStarter.java:54)\n",
              "duration": 1255764,
              "status": "failed"
            },
            "line": 7,
            "name": "insert file CSV \"/home/alessio/Downloads/sur.css\"",
            "match": {
              "arguments": [
                {
                  "val": "\"/home/alessio/Downloads/sur.css\"",
                  "offset": 16
                }
              ],
              "location": "com.csv.CsvStep.userInsertFileCSV(java.lang.String)"
            },
            "keyword": "When "
          },
          {
            "result": {
              "duration": 168061,
              "status": "skipped"
            },
            "line": 8,
            "name": "convert the file and see content with first method",
            "match": {
              "location": "com.csv.CsvStep.convertTheFileAndSeeContentWithFirstMethod()"
            },
            "keyword": "Then "
          }
        ]
      },
      {
        "start_timestamp": "2021-05-26T15:17:21.785Z",
        "line": 17,
        "name": "file Csv to Json",
        "description": "",
        "id": "action-on-file-.csv;file-csv-to-json;;5",
        "type": "scenario",
        "keyword": "Scenario Outline",
        "steps": [
          {
            "result": {
              "duration": 145399,
              "status": "passed"
            },
            "line": 6,
            "name": "user have file",
            "match": {
              "location": "com.csv.CsvStep.userHaveFile()"
            },
            "keyword": "Given "
          },
          {
            "result": {
              "error_message": "org.opentest4j.AssertionFailedError: Unexpected exception thrown: customexception.NotCsvException: File not found or not Csv (control your file)\n\tat org.junit.jupiter.api.AssertDoesNotThrow.createAssertionFailedError(AssertDoesNotThrow.java:83)\n\tat org.junit.jupiter.api.AssertDoesNotThrow.assertDoesNotThrow(AssertDoesNotThrow.java:54)\n\tat org.junit.jupiter.api.AssertDoesNotThrow.assertDoesNotThrow(AssertDoesNotThrow.java:37)\n\tat org.junit.jupiter.api.Assertions.assertDoesNotThrow(Assertions.java:3060)\n\tat com.csv.CsvStep.userInsertFileCSV(CsvStep.java:23)\n\tat ✽.insert file CSV \"/home/alessio/Downloads/surprise.text\"(file:///home/alessio/IdeaProjects/java-csv/src/test/java/features/Csv.feature:7)\nCaused by: customexception.NotCsvException: File not found or not Csv (control your file)\n\tat opencsv.Csv.setFile(Csv.java:147)\n\tat com.csv.CsvStep$1.execute(CsvStep.java:26)\n\tat org.junit.jupiter.api.AssertDoesNotThrow.assertDoesNotThrow(AssertDoesNotThrow.java:50)\n\tat org.junit.jupiter.api.AssertDoesNotThrow.assertDoesNotThrow(AssertDoesNotThrow.java:37)\n\tat org.junit.jupiter.api.Assertions.assertDoesNotThrow(Assertions.java:3060)\n\tat com.csv.CsvStep.userInsertFileCSV(CsvStep.java:23)\n\tat java.base/jdk.internal.reflect.NativeMethodAccessorImpl.invoke0(Native Method)\n\tat java.base/jdk.internal.reflect.NativeMethodAccessorImpl.invoke(NativeMethodAccessorImpl.java:78)\n\tat java.base/jdk.internal.reflect.DelegatingMethodAccessorImpl.invoke(DelegatingMethodAccessorImpl.java:43)\n\tat java.base/java.lang.reflect.Method.invoke(Method.java:567)\n\tat io.cucumber.java.Invoker.doInvoke(Invoker.java:66)\n\tat io.cucumber.java.Invoker.invoke(Invoker.java:24)\n\tat io.cucumber.java.AbstractGlueDefinition.invokeMethod(AbstractGlueDefinition.java:47)\n\tat io.cucumber.java.JavaStepDefinition.execute(JavaStepDefinition.java:29)\n\tat io.cucumber.core.runner.CoreStepDefinition.execute(CoreStepDefinition.java:66)\n\tat io.cucumber.core.runner.PickleStepDefinitionMatch.runStep(PickleStepDefinitionMatch.java:63)\n\tat io.cucumber.core.runner.ExecutionMode$1.execute(ExecutionMode.java:10)\n\tat io.cucumber.core.runner.TestStep.executeStep(TestStep.java:92)\n\tat io.cucumber.core.runner.TestStep.run(TestStep.java:64)\n\tat io.cucumber.core.runner.PickleStepTestStep.run(PickleStepTestStep.java:51)\n\tat io.cucumber.core.runner.TestCase.run(TestCase.java:104)\n\tat io.cucumber.core.runner.Runner.runPickle(Runner.java:71)\n\tat io.cucumber.junit.PickleRunners$NoStepDescriptions.run(PickleRunners.java:151)\n\tat io.cucumber.junit.FeatureRunner.runChild(FeatureRunner.java:135)\n\tat io.cucumber.junit.FeatureRunner.runChild(FeatureRunner.java:27)\n\tat org.junit.runners.ParentRunner$4.run(ParentRunner.java:331)\n\tat org.junit.runners.ParentRunner$1.schedule(ParentRunner.java:79)\n\tat org.junit.runners.ParentRunner.runChildren(ParentRunner.java:329)\n\tat org.junit.runners.ParentRunner.access$100(ParentRunner.java:66)\n\tat org.junit.runners.ParentRunner$2.evaluate(ParentRunner.java:293)\n\tat org.junit.runners.ParentRunner$3.evaluate(ParentRunner.java:306)\n\tat org.junit.runners.ParentRunner.run(ParentRunner.java:413)\n\tat io.cucumber.junit.Cucumber.runChild(Cucumber.java:199)\n\tat io.cucumber.junit.Cucumber.runChild(Cucumber.java:90)\n\tat org.junit.runners.ParentRunner$4.run(ParentRunner.java:331)\n\tat org.junit.runners.ParentRunner$1.schedule(ParentRunner.java:79)\n\tat org.junit.runners.ParentRunner.runChildren(ParentRunner.java:329)\n\tat org.junit.runners.ParentRunner.access$100(ParentRunner.java:66)\n\tat org.junit.runners.ParentRunner$2.evaluate(ParentRunner.java:293)\n\tat io.cucumber.junit.Cucumber$RunCucumber.evaluate(Cucumber.java:234)\n\tat org.junit.runners.ParentRunner$3.evaluate(ParentRunner.java:306)\n\tat org.junit.runners.ParentRunner.run(ParentRunner.java:413)\n\tat org.junit.runner.JUnitCore.run(JUnitCore.java:137)\n\tat com.intellij.junit4.JUnit4IdeaTestRunner.startRunnerWithArgs(JUnit4IdeaTestRunner.java:69)\n\tat com.intellij.rt.junit.IdeaTestRunner$Repeater.startRunnerWithArgs(IdeaTestRunner.java:33)\n\tat com.intellij.rt.junit.JUnitStarter.prepareStreamsAndStart(JUnitStarter.java:221)\n\tat com.intellij.rt.junit.JUnitStarter.main(JUnitStarter.java:54)\n",
              "duration": 446200,
              "status": "failed"
            },
            "line": 7,
            "name": "insert file CSV \"/home/alessio/Downloads/surprise.text\"",
            "match": {
              "arguments": [
                {
                  "val": "\"/home/alessio/Downloads/surprise.text\"",
                  "offset": 16
                }
              ],
              "location": "com.csv.CsvStep.userInsertFileCSV(java.lang.String)"
            },
            "keyword": "When "
          },
          {
            "result": {
              "duration": 203043,
              "status": "skipped"
            },
            "line": 8,
            "name": "convert the file and see content with first method",
            "match": {
              "location": "com.csv.CsvStep.convertTheFileAndSeeContentWithFirstMethod()"
            },
            "keyword": "Then "
          }
        ]
      },
      {
        "start_timestamp": "2021-05-26T15:17:21.797Z",
        "line": 18,
        "name": "file Csv to Json",
        "description": "",
        "id": "action-on-file-.csv;file-csv-to-json;;6",
        "type": "scenario",
        "keyword": "Scenario Outline",
        "steps": [
          {
            "result": {
              "duration": 182069,
              "status": "passed"
            },
            "line": 6,
            "name": "user have file",
            "match": {
              "location": "com.csv.CsvStep.userHaveFile()"
            },
            "keyword": "Given "
          },
          {
            "result": {
              "error_message": "org.opentest4j.AssertionFailedError: Unexpected exception thrown: customexception.NotCsvException: File not found or not Csv (control your file)\n\tat org.junit.jupiter.api.AssertDoesNotThrow.createAssertionFailedError(AssertDoesNotThrow.java:83)\n\tat org.junit.jupiter.api.AssertDoesNotThrow.assertDoesNotThrow(AssertDoesNotThrow.java:54)\n\tat org.junit.jupiter.api.AssertDoesNotThrow.assertDoesNotThrow(AssertDoesNotThrow.java:37)\n\tat org.junit.jupiter.api.Assertions.assertDoesNotThrow(Assertions.java:3060)\n\tat com.csv.CsvStep.userInsertFileCSV(CsvStep.java:23)\n\tat ✽.insert file CSV \"/home/alessio/Downloads/\"(file:///home/alessio/IdeaProjects/java-csv/src/test/java/features/Csv.feature:7)\nCaused by: customexception.NotCsvException: File not found or not Csv (control your file)\n\tat opencsv.Csv.setFile(Csv.java:147)\n\tat com.csv.CsvStep$1.execute(CsvStep.java:26)\n\tat org.junit.jupiter.api.AssertDoesNotThrow.assertDoesNotThrow(AssertDoesNotThrow.java:50)\n\tat org.junit.jupiter.api.AssertDoesNotThrow.assertDoesNotThrow(AssertDoesNotThrow.java:37)\n\tat org.junit.jupiter.api.Assertions.assertDoesNotThrow(Assertions.java:3060)\n\tat com.csv.CsvStep.userInsertFileCSV(CsvStep.java:23)\n\tat java.base/jdk.internal.reflect.NativeMethodAccessorImpl.invoke0(Native Method)\n\tat java.base/jdk.internal.reflect.NativeMethodAccessorImpl.invoke(NativeMethodAccessorImpl.java:78)\n\tat java.base/jdk.internal.reflect.DelegatingMethodAccessorImpl.invoke(DelegatingMethodAccessorImpl.java:43)\n\tat java.base/java.lang.reflect.Method.invoke(Method.java:567)\n\tat io.cucumber.java.Invoker.doInvoke(Invoker.java:66)\n\tat io.cucumber.java.Invoker.invoke(Invoker.java:24)\n\tat io.cucumber.java.AbstractGlueDefinition.invokeMethod(AbstractGlueDefinition.java:47)\n\tat io.cucumber.java.JavaStepDefinition.execute(JavaStepDefinition.java:29)\n\tat io.cucumber.core.runner.CoreStepDefinition.execute(CoreStepDefinition.java:66)\n\tat io.cucumber.core.runner.PickleStepDefinitionMatch.runStep(PickleStepDefinitionMatch.java:63)\n\tat io.cucumber.core.runner.ExecutionMode$1.execute(ExecutionMode.java:10)\n\tat io.cucumber.core.runner.TestStep.executeStep(TestStep.java:92)\n\tat io.cucumber.core.runner.TestStep.run(TestStep.java:64)\n\tat io.cucumber.core.runner.PickleStepTestStep.run(PickleStepTestStep.java:51)\n\tat io.cucumber.core.runner.TestCase.run(TestCase.java:104)\n\tat io.cucumber.core.runner.Runner.runPickle(Runner.java:71)\n\tat io.cucumber.junit.PickleRunners$NoStepDescriptions.run(PickleRunners.java:151)\n\tat io.cucumber.junit.FeatureRunner.runChild(FeatureRunner.java:135)\n\tat io.cucumber.junit.FeatureRunner.runChild(FeatureRunner.java:27)\n\tat org.junit.runners.ParentRunner$4.run(ParentRunner.java:331)\n\tat org.junit.runners.ParentRunner$1.schedule(ParentRunner.java:79)\n\tat org.junit.runners.ParentRunner.runChildren(ParentRunner.java:329)\n\tat org.junit.runners.ParentRunner.access$100(ParentRunner.java:66)\n\tat org.junit.runners.ParentRunner$2.evaluate(ParentRunner.java:293)\n\tat org.junit.runners.ParentRunner$3.evaluate(ParentRunner.java:306)\n\tat org.junit.runners.ParentRunner.run(ParentRunner.java:413)\n\tat io.cucumber.junit.Cucumber.runChild(Cucumber.java:199)\n\tat io.cucumber.junit.Cucumber.runChild(Cucumber.java:90)\n\tat org.junit.runners.ParentRunner$4.run(ParentRunner.java:331)\n\tat org.junit.runners.ParentRunner$1.schedule(ParentRunner.java:79)\n\tat org.junit.runners.ParentRunner.runChildren(ParentRunner.java:329)\n\tat org.junit.runners.ParentRunner.access$100(ParentRunner.java:66)\n\tat org.junit.runners.ParentRunner$2.evaluate(ParentRunner.java:293)\n\tat io.cucumber.junit.Cucumber$RunCucumber.evaluate(Cucumber.java:234)\n\tat org.junit.runners.ParentRunner$3.evaluate(ParentRunner.java:306)\n\tat org.junit.runners.ParentRunner.run(ParentRunner.java:413)\n\tat org.junit.runner.JUnitCore.run(JUnitCore.java:137)\n\tat com.intellij.junit4.JUnit4IdeaTestRunner.startRunnerWithArgs(JUnit4IdeaTestRunner.java:69)\n\tat com.intellij.rt.junit.IdeaTestRunner$Repeater.startRunnerWithArgs(IdeaTestRunner.java:33)\n\tat com.intellij.rt.junit.JUnitStarter.prepareStreamsAndStart(JUnitStarter.java:221)\n\tat com.intellij.rt.junit.JUnitStarter.main(JUnitStarter.java:54)\n",
              "duration": 438995,
              "status": "failed"
            },
            "line": 7,
            "name": "insert file CSV \"/home/alessio/Downloads/\"",
            "match": {
              "arguments": [
                {
                  "val": "\"/home/alessio/Downloads/\"",
                  "offset": 16
                }
              ],
              "location": "com.csv.CsvStep.userInsertFileCSV(java.lang.String)"
            },
            "keyword": "When "
          },
          {
            "result": {
              "duration": 180639,
              "status": "skipped"
            },
            "line": 8,
            "name": "convert the file and see content with first method",
            "match": {
              "location": "com.csv.CsvStep.convertTheFileAndSeeContentWithFirstMethod()"
            },
            "keyword": "Then "
          }
        ]
      },
      {
        "start_timestamp": "2021-05-26T15:17:21.807Z",
        "line": 19,
        "name": "file Csv to Json",
        "description": "",
        "id": "action-on-file-.csv;file-csv-to-json;;7",
        "type": "scenario",
        "keyword": "Scenario Outline",
        "steps": [
          {
            "result": {
              "duration": 949304,
              "status": "passed"
            },
            "line": 6,
            "name": "user have file",
            "match": {
              "location": "com.csv.CsvStep.userHaveFile()"
            },
            "keyword": "Given "
          },
          {
            "result": {
              "error_message": "org.opentest4j.AssertionFailedError: Unexpected exception thrown: customexception.NotCsvException: File not found or not Csv (control your file)\n\tat org.junit.jupiter.api.AssertDoesNotThrow.createAssertionFailedError(AssertDoesNotThrow.java:83)\n\tat org.junit.jupiter.api.AssertDoesNotThrow.assertDoesNotThrow(AssertDoesNotThrow.java:54)\n\tat org.junit.jupiter.api.AssertDoesNotThrow.assertDoesNotThrow(AssertDoesNotThrow.java:37)\n\tat org.junit.jupiter.api.Assertions.assertDoesNotThrow(Assertions.java:3060)\n\tat com.csv.CsvStep.userInsertFileCSV(CsvStep.java:23)\n\tat ✽.insert file CSV \"null\"(file:///home/alessio/IdeaProjects/java-csv/src/test/java/features/Csv.feature:7)\nCaused by: customexception.NotCsvException: File not found or not Csv (control your file)\n\tat opencsv.Csv.setFile(Csv.java:147)\n\tat com.csv.CsvStep$1.execute(CsvStep.java:26)\n\tat org.junit.jupiter.api.AssertDoesNotThrow.assertDoesNotThrow(AssertDoesNotThrow.java:50)\n\tat org.junit.jupiter.api.AssertDoesNotThrow.assertDoesNotThrow(AssertDoesNotThrow.java:37)\n\tat org.junit.jupiter.api.Assertions.assertDoesNotThrow(Assertions.java:3060)\n\tat com.csv.CsvStep.userInsertFileCSV(CsvStep.java:23)\n\tat java.base/jdk.internal.reflect.NativeMethodAccessorImpl.invoke0(Native Method)\n\tat java.base/jdk.internal.reflect.NativeMethodAccessorImpl.invoke(NativeMethodAccessorImpl.java:78)\n\tat java.base/jdk.internal.reflect.DelegatingMethodAccessorImpl.invoke(DelegatingMethodAccessorImpl.java:43)\n\tat java.base/java.lang.reflect.Method.invoke(Method.java:567)\n\tat io.cucumber.java.Invoker.doInvoke(Invoker.java:66)\n\tat io.cucumber.java.Invoker.invoke(Invoker.java:24)\n\tat io.cucumber.java.AbstractGlueDefinition.invokeMethod(AbstractGlueDefinition.java:47)\n\tat io.cucumber.java.JavaStepDefinition.execute(JavaStepDefinition.java:29)\n\tat io.cucumber.core.runner.CoreStepDefinition.execute(CoreStepDefinition.java:66)\n\tat io.cucumber.core.runner.PickleStepDefinitionMatch.runStep(PickleStepDefinitionMatch.java:63)\n\tat io.cucumber.core.runner.ExecutionMode$1.execute(ExecutionMode.java:10)\n\tat io.cucumber.core.runner.TestStep.executeStep(TestStep.java:92)\n\tat io.cucumber.core.runner.TestStep.run(TestStep.java:64)\n\tat io.cucumber.core.runner.PickleStepTestStep.run(PickleStepTestStep.java:51)\n\tat io.cucumber.core.runner.TestCase.run(TestCase.java:104)\n\tat io.cucumber.core.runner.Runner.runPickle(Runner.java:71)\n\tat io.cucumber.junit.PickleRunners$NoStepDescriptions.run(PickleRunners.java:151)\n\tat io.cucumber.junit.FeatureRunner.runChild(FeatureRunner.java:135)\n\tat io.cucumber.junit.FeatureRunner.runChild(FeatureRunner.java:27)\n\tat org.junit.runners.ParentRunner$4.run(ParentRunner.java:331)\n\tat org.junit.runners.ParentRunner$1.schedule(ParentRunner.java:79)\n\tat org.junit.runners.ParentRunner.runChildren(ParentRunner.java:329)\n\tat org.junit.runners.ParentRunner.access$100(ParentRunner.java:66)\n\tat org.junit.runners.ParentRunner$2.evaluate(ParentRunner.java:293)\n\tat org.junit.runners.ParentRunner$3.evaluate(ParentRunner.java:306)\n\tat org.junit.runners.ParentRunner.run(ParentRunner.java:413)\n\tat io.cucumber.junit.Cucumber.runChild(Cucumber.java:199)\n\tat io.cucumber.junit.Cucumber.runChild(Cucumber.java:90)\n\tat org.junit.runners.ParentRunner$4.run(ParentRunner.java:331)\n\tat org.junit.runners.ParentRunner$1.schedule(ParentRunner.java:79)\n\tat org.junit.runners.ParentRunner.runChildren(ParentRunner.java:329)\n\tat org.junit.runners.ParentRunner.access$100(ParentRunner.java:66)\n\tat org.junit.runners.ParentRunner$2.evaluate(ParentRunner.java:293)\n\tat io.cucumber.junit.Cucumber$RunCucumber.evaluate(Cucumber.java:234)\n\tat org.junit.runners.ParentRunner$3.evaluate(ParentRunner.java:306)\n\tat org.junit.runners.ParentRunner.run(ParentRunner.java:413)\n\tat org.junit.runner.JUnitCore.run(JUnitCore.java:137)\n\tat com.intellij.junit4.JUnit4IdeaTestRunner.startRunnerWithArgs(JUnit4IdeaTestRunner.java:69)\n\tat com.intellij.rt.junit.IdeaTestRunner$Repeater.startRunnerWithArgs(IdeaTestRunner.java:33)\n\tat com.intellij.rt.junit.JUnitStarter.prepareStreamsAndStart(JUnitStarter.java:221)\n\tat com.intellij.rt.junit.JUnitStarter.main(JUnitStarter.java:54)\n",
              "duration": 440925,
              "status": "failed"
            },
            "line": 7,
            "name": "insert file CSV \"null\"",
            "match": {
              "arguments": [
                {
                  "val": "\"null\"",
                  "offset": 16
                }
              ],
              "location": "com.csv.CsvStep.userInsertFileCSV(java.lang.String)"
            },
            "keyword": "When "
          },
          {
            "result": {
              "duration": 114690,
              "status": "skipped"
            },
            "line": 8,
            "name": "convert the file and see content with first method",
            "match": {
              "location": "com.csv.CsvStep.convertTheFileAndSeeContentWithFirstMethod()"
            },
            "keyword": "Then "
          }
        ]
      },
      {
        "start_timestamp": "2021-05-26T15:17:21.820Z",
        "line": 20,
        "name": "file Csv to Json",
        "description": "",
        "id": "action-on-file-.csv;file-csv-to-json;;8",
        "type": "scenario",
        "keyword": "Scenario Outline",
        "steps": [
          {
            "result": {
              "duration": 233254,
              "status": "passed"
            },
            "line": 6,
            "name": "user have file",
            "match": {
              "location": "com.csv.CsvStep.userHaveFile()"
            },
            "keyword": "Given "
          },
          {
            "result": {
              "error_message": "org.opentest4j.AssertionFailedError: Unexpected exception thrown: customexception.NotCsvException: File not found or not Csv (control your file)\n\tat org.junit.jupiter.api.AssertDoesNotThrow.createAssertionFailedError(AssertDoesNotThrow.java:83)\n\tat org.junit.jupiter.api.AssertDoesNotThrow.assertDoesNotThrow(AssertDoesNotThrow.java:54)\n\tat org.junit.jupiter.api.AssertDoesNotThrow.assertDoesNotThrow(AssertDoesNotThrow.java:37)\n\tat org.junit.jupiter.api.Assertions.assertDoesNotThrow(Assertions.java:3060)\n\tat com.csv.CsvStep.userInsertFileCSV(CsvStep.java:23)\n\tat ✽.insert file CSV \"home\"(file:///home/alessio/IdeaProjects/java-csv/src/test/java/features/Csv.feature:7)\nCaused by: customexception.NotCsvException: File not found or not Csv (control your file)\n\tat opencsv.Csv.setFile(Csv.java:147)\n\tat com.csv.CsvStep$1.execute(CsvStep.java:26)\n\tat org.junit.jupiter.api.AssertDoesNotThrow.assertDoesNotThrow(AssertDoesNotThrow.java:50)\n\tat org.junit.jupiter.api.AssertDoesNotThrow.assertDoesNotThrow(AssertDoesNotThrow.java:37)\n\tat org.junit.jupiter.api.Assertions.assertDoesNotThrow(Assertions.java:3060)\n\tat com.csv.CsvStep.userInsertFileCSV(CsvStep.java:23)\n\tat java.base/jdk.internal.reflect.NativeMethodAccessorImpl.invoke0(Native Method)\n\tat java.base/jdk.internal.reflect.NativeMethodAccessorImpl.invoke(NativeMethodAccessorImpl.java:78)\n\tat java.base/jdk.internal.reflect.DelegatingMethodAccessorImpl.invoke(DelegatingMethodAccessorImpl.java:43)\n\tat java.base/java.lang.reflect.Method.invoke(Method.java:567)\n\tat io.cucumber.java.Invoker.doInvoke(Invoker.java:66)\n\tat io.cucumber.java.Invoker.invoke(Invoker.java:24)\n\tat io.cucumber.java.AbstractGlueDefinition.invokeMethod(AbstractGlueDefinition.java:47)\n\tat io.cucumber.java.JavaStepDefinition.execute(JavaStepDefinition.java:29)\n\tat io.cucumber.core.runner.CoreStepDefinition.execute(CoreStepDefinition.java:66)\n\tat io.cucumber.core.runner.PickleStepDefinitionMatch.runStep(PickleStepDefinitionMatch.java:63)\n\tat io.cucumber.core.runner.ExecutionMode$1.execute(ExecutionMode.java:10)\n\tat io.cucumber.core.runner.TestStep.executeStep(TestStep.java:92)\n\tat io.cucumber.core.runner.TestStep.run(TestStep.java:64)\n\tat io.cucumber.core.runner.PickleStepTestStep.run(PickleStepTestStep.java:51)\n\tat io.cucumber.core.runner.TestCase.run(TestCase.java:104)\n\tat io.cucumber.core.runner.Runner.runPickle(Runner.java:71)\n\tat io.cucumber.junit.PickleRunners$NoStepDescriptions.run(PickleRunners.java:151)\n\tat io.cucumber.junit.FeatureRunner.runChild(FeatureRunner.java:135)\n\tat io.cucumber.junit.FeatureRunner.runChild(FeatureRunner.java:27)\n\tat org.junit.runners.ParentRunner$4.run(ParentRunner.java:331)\n\tat org.junit.runners.ParentRunner$1.schedule(ParentRunner.java:79)\n\tat org.junit.runners.ParentRunner.runChildren(ParentRunner.java:329)\n\tat org.junit.runners.ParentRunner.access$100(ParentRunner.java:66)\n\tat org.junit.runners.ParentRunner$2.evaluate(ParentRunner.java:293)\n\tat org.junit.runners.ParentRunner$3.evaluate(ParentRunner.java:306)\n\tat org.junit.runners.ParentRunner.run(ParentRunner.java:413)\n\tat io.cucumber.junit.Cucumber.runChild(Cucumber.java:199)\n\tat io.cucumber.junit.Cucumber.runChild(Cucumber.java:90)\n\tat org.junit.runners.ParentRunner$4.run(ParentRunner.java:331)\n\tat org.junit.runners.ParentRunner$1.schedule(ParentRunner.java:79)\n\tat org.junit.runners.ParentRunner.runChildren(ParentRunner.java:329)\n\tat org.junit.runners.ParentRunner.access$100(ParentRunner.java:66)\n\tat org.junit.runners.ParentRunner$2.evaluate(ParentRunner.java:293)\n\tat io.cucumber.junit.Cucumber$RunCucumber.evaluate(Cucumber.java:234)\n\tat org.junit.runners.ParentRunner$3.evaluate(ParentRunner.java:306)\n\tat org.junit.runners.ParentRunner.run(ParentRunner.java:413)\n\tat org.junit.runner.JUnitCore.run(JUnitCore.java:137)\n\tat com.intellij.junit4.JUnit4IdeaTestRunner.startRunnerWithArgs(JUnit4IdeaTestRunner.java:69)\n\tat com.intellij.rt.junit.IdeaTestRunner$Repeater.startRunnerWithArgs(IdeaTestRunner.java:33)\n\tat com.intellij.rt.junit.JUnitStarter.prepareStreamsAndStart(JUnitStarter.java:221)\n\tat com.intellij.rt.junit.JUnitStarter.main(JUnitStarter.java:54)\n",
              "duration": 372360,
              "status": "failed"
            },
            "line": 7,
            "name": "insert file CSV \"home\"",
            "match": {
              "arguments": [
                {
                  "val": "\"home\"",
                  "offset": 16
                }
              ],
              "location": "com.csv.CsvStep.userInsertFileCSV(java.lang.String)"
            },
            "keyword": "When "
          },
          {
            "result": {
              "duration": 240669,
              "status": "skipped"
            },
            "line": 8,
            "name": "convert the file and see content with first method",
            "match": {
              "location": "com.csv.CsvStep.convertTheFileAndSeeContentWithFirstMethod()"
            },
            "keyword": "Then "
          }
        ]
      },
      {
        "start_timestamp": "2021-05-26T15:17:21.830Z",
        "line": 21,
        "name": "file Csv to Json",
        "description": "",
        "id": "action-on-file-.csv;file-csv-to-json;;9",
        "type": "scenario",
        "keyword": "Scenario Outline",
        "steps": [
          {
            "result": {
              "duration": 127791,
              "status": "passed"
            },
            "line": 6,
            "name": "user have file",
            "match": {
              "location": "com.csv.CsvStep.userHaveFile()"
            },
            "keyword": "Given "
          },
          {
            "result": {
              "error_message": "org.opentest4j.AssertionFailedError: Unexpected exception thrown: customexception.NotCsvException: File not found or not Csv (control your file)\n\tat org.junit.jupiter.api.AssertDoesNotThrow.createAssertionFailedError(AssertDoesNotThrow.java:83)\n\tat org.junit.jupiter.api.AssertDoesNotThrow.assertDoesNotThrow(AssertDoesNotThrow.java:54)\n\tat org.junit.jupiter.api.AssertDoesNotThrow.assertDoesNotThrow(AssertDoesNotThrow.java:37)\n\tat org.junit.jupiter.api.Assertions.assertDoesNotThrow(Assertions.java:3060)\n\tat com.csv.CsvStep.userInsertFileCSV(CsvStep.java:23)\n\tat ✽.insert file CSV \"1234\"(file:///home/alessio/IdeaProjects/java-csv/src/test/java/features/Csv.feature:7)\nCaused by: customexception.NotCsvException: File not found or not Csv (control your file)\n\tat opencsv.Csv.setFile(Csv.java:147)\n\tat com.csv.CsvStep$1.execute(CsvStep.java:26)\n\tat org.junit.jupiter.api.AssertDoesNotThrow.assertDoesNotThrow(AssertDoesNotThrow.java:50)\n\tat org.junit.jupiter.api.AssertDoesNotThrow.assertDoesNotThrow(AssertDoesNotThrow.java:37)\n\tat org.junit.jupiter.api.Assertions.assertDoesNotThrow(Assertions.java:3060)\n\tat com.csv.CsvStep.userInsertFileCSV(CsvStep.java:23)\n\tat java.base/jdk.internal.reflect.NativeMethodAccessorImpl.invoke0(Native Method)\n\tat java.base/jdk.internal.reflect.NativeMethodAccessorImpl.invoke(NativeMethodAccessorImpl.java:78)\n\tat java.base/jdk.internal.reflect.DelegatingMethodAccessorImpl.invoke(DelegatingMethodAccessorImpl.java:43)\n\tat java.base/java.lang.reflect.Method.invoke(Method.java:567)\n\tat io.cucumber.java.Invoker.doInvoke(Invoker.java:66)\n\tat io.cucumber.java.Invoker.invoke(Invoker.java:24)\n\tat io.cucumber.java.AbstractGlueDefinition.invokeMethod(AbstractGlueDefinition.java:47)\n\tat io.cucumber.java.JavaStepDefinition.execute(JavaStepDefinition.java:29)\n\tat io.cucumber.core.runner.CoreStepDefinition.execute(CoreStepDefinition.java:66)\n\tat io.cucumber.core.runner.PickleStepDefinitionMatch.runStep(PickleStepDefinitionMatch.java:63)\n\tat io.cucumber.core.runner.ExecutionMode$1.execute(ExecutionMode.java:10)\n\tat io.cucumber.core.runner.TestStep.executeStep(TestStep.java:92)\n\tat io.cucumber.core.runner.TestStep.run(TestStep.java:64)\n\tat io.cucumber.core.runner.PickleStepTestStep.run(PickleStepTestStep.java:51)\n\tat io.cucumber.core.runner.TestCase.run(TestCase.java:104)\n\tat io.cucumber.core.runner.Runner.runPickle(Runner.java:71)\n\tat io.cucumber.junit.PickleRunners$NoStepDescriptions.run(PickleRunners.java:151)\n\tat io.cucumber.junit.FeatureRunner.runChild(FeatureRunner.java:135)\n\tat io.cucumber.junit.FeatureRunner.runChild(FeatureRunner.java:27)\n\tat org.junit.runners.ParentRunner$4.run(ParentRunner.java:331)\n\tat org.junit.runners.ParentRunner$1.schedule(ParentRunner.java:79)\n\tat org.junit.runners.ParentRunner.runChildren(ParentRunner.java:329)\n\tat org.junit.runners.ParentRunner.access$100(ParentRunner.java:66)\n\tat org.junit.runners.ParentRunner$2.evaluate(ParentRunner.java:293)\n\tat org.junit.runners.ParentRunner$3.evaluate(ParentRunner.java:306)\n\tat org.junit.runners.ParentRunner.run(ParentRunner.java:413)\n\tat io.cucumber.junit.Cucumber.runChild(Cucumber.java:199)\n\tat io.cucumber.junit.Cucumber.runChild(Cucumber.java:90)\n\tat org.junit.runners.ParentRunner$4.run(ParentRunner.java:331)\n\tat org.junit.runners.ParentRunner$1.schedule(ParentRunner.java:79)\n\tat org.junit.runners.ParentRunner.runChildren(ParentRunner.java:329)\n\tat org.junit.runners.ParentRunner.access$100(ParentRunner.java:66)\n\tat org.junit.runners.ParentRunner$2.evaluate(ParentRunner.java:293)\n\tat io.cucumber.junit.Cucumber$RunCucumber.evaluate(Cucumber.java:234)\n\tat org.junit.runners.ParentRunner$3.evaluate(ParentRunner.java:306)\n\tat org.junit.runners.ParentRunner.run(ParentRunner.java:413)\n\tat org.junit.runner.JUnitCore.run(JUnitCore.java:137)\n\tat com.intellij.junit4.JUnit4IdeaTestRunner.startRunnerWithArgs(JUnit4IdeaTestRunner.java:69)\n\tat com.intellij.rt.junit.IdeaTestRunner$Repeater.startRunnerWithArgs(IdeaTestRunner.java:33)\n\tat com.intellij.rt.junit.JUnitStarter.prepareStreamsAndStart(JUnitStarter.java:221)\n\tat com.intellij.rt.junit.JUnitStarter.main(JUnitStarter.java:54)\n",
              "duration": 405106,
              "status": "failed"
            },
            "line": 7,
            "name": "insert file CSV \"1234\"",
            "match": {
              "arguments": [
                {
                  "val": "\"1234\"",
                  "offset": 16
                }
              ],
              "location": "com.csv.CsvStep.userInsertFileCSV(java.lang.String)"
            },
            "keyword": "When "
          },
          {
            "result": {
              "duration": 95312,
              "status": "skipped"
            },
            "line": 8,
            "name": "convert the file and see content with first method",
            "match": {
              "location": "com.csv.CsvStep.convertTheFileAndSeeContentWithFirstMethod()"
            },
            "keyword": "Then "
          }
        ]
      },
      {
        "start_timestamp": "2021-05-26T15:17:21.838Z",
        "line": 22,
        "name": "file Csv to Json",
        "description": "",
        "id": "action-on-file-.csv;file-csv-to-json;;10",
        "type": "scenario",
        "keyword": "Scenario Outline",
        "steps": [
          {
            "result": {
              "duration": 126811,
              "status": "passed"
            },
            "line": 6,
            "name": "user have file",
            "match": {
              "location": "com.csv.CsvStep.userHaveFile()"
            },
            "keyword": "Given "
          },
          {
            "result": {
              "error_message": "org.opentest4j.AssertionFailedError: Unexpected exception thrown: customexception.NotCsvException: File not found or not Csv (control your file)\n\tat org.junit.jupiter.api.AssertDoesNotThrow.createAssertionFailedError(AssertDoesNotThrow.java:83)\n\tat org.junit.jupiter.api.AssertDoesNotThrow.assertDoesNotThrow(AssertDoesNotThrow.java:54)\n\tat org.junit.jupiter.api.AssertDoesNotThrow.assertDoesNotThrow(AssertDoesNotThrow.java:37)\n\tat org.junit.jupiter.api.Assertions.assertDoesNotThrow(Assertions.java:3060)\n\tat com.csv.CsvStep.userInsertFileCSV(CsvStep.java:23)\n\tat ✽.insert file CSV \"home23\"(file:///home/alessio/IdeaProjects/java-csv/src/test/java/features/Csv.feature:7)\nCaused by: customexception.NotCsvException: File not found or not Csv (control your file)\n\tat opencsv.Csv.setFile(Csv.java:147)\n\tat com.csv.CsvStep$1.execute(CsvStep.java:26)\n\tat org.junit.jupiter.api.AssertDoesNotThrow.assertDoesNotThrow(AssertDoesNotThrow.java:50)\n\tat org.junit.jupiter.api.AssertDoesNotThrow.assertDoesNotThrow(AssertDoesNotThrow.java:37)\n\tat org.junit.jupiter.api.Assertions.assertDoesNotThrow(Assertions.java:3060)\n\tat com.csv.CsvStep.userInsertFileCSV(CsvStep.java:23)\n\tat java.base/jdk.internal.reflect.NativeMethodAccessorImpl.invoke0(Native Method)\n\tat java.base/jdk.internal.reflect.NativeMethodAccessorImpl.invoke(NativeMethodAccessorImpl.java:78)\n\tat java.base/jdk.internal.reflect.DelegatingMethodAccessorImpl.invoke(DelegatingMethodAccessorImpl.java:43)\n\tat java.base/java.lang.reflect.Method.invoke(Method.java:567)\n\tat io.cucumber.java.Invoker.doInvoke(Invoker.java:66)\n\tat io.cucumber.java.Invoker.invoke(Invoker.java:24)\n\tat io.cucumber.java.AbstractGlueDefinition.invokeMethod(AbstractGlueDefinition.java:47)\n\tat io.cucumber.java.JavaStepDefinition.execute(JavaStepDefinition.java:29)\n\tat io.cucumber.core.runner.CoreStepDefinition.execute(CoreStepDefinition.java:66)\n\tat io.cucumber.core.runner.PickleStepDefinitionMatch.runStep(PickleStepDefinitionMatch.java:63)\n\tat io.cucumber.core.runner.ExecutionMode$1.execute(ExecutionMode.java:10)\n\tat io.cucumber.core.runner.TestStep.executeStep(TestStep.java:92)\n\tat io.cucumber.core.runner.TestStep.run(TestStep.java:64)\n\tat io.cucumber.core.runner.PickleStepTestStep.run(PickleStepTestStep.java:51)\n\tat io.cucumber.core.runner.TestCase.run(TestCase.java:104)\n\tat io.cucumber.core.runner.Runner.runPickle(Runner.java:71)\n\tat io.cucumber.junit.PickleRunners$NoStepDescriptions.run(PickleRunners.java:151)\n\tat io.cucumber.junit.FeatureRunner.runChild(FeatureRunner.java:135)\n\tat io.cucumber.junit.FeatureRunner.runChild(FeatureRunner.java:27)\n\tat org.junit.runners.ParentRunner$4.run(ParentRunner.java:331)\n\tat org.junit.runners.ParentRunner$1.schedule(ParentRunner.java:79)\n\tat org.junit.runners.ParentRunner.runChildren(ParentRunner.java:329)\n\tat org.junit.runners.ParentRunner.access$100(ParentRunner.java:66)\n\tat org.junit.runners.ParentRunner$2.evaluate(ParentRunner.java:293)\n\tat org.junit.runners.ParentRunner$3.evaluate(ParentRunner.java:306)\n\tat org.junit.runners.ParentRunner.run(ParentRunner.java:413)\n\tat io.cucumber.junit.Cucumber.runChild(Cucumber.java:199)\n\tat io.cucumber.junit.Cucumber.runChild(Cucumber.java:90)\n\tat org.junit.runners.ParentRunner$4.run(ParentRunner.java:331)\n\tat org.junit.runners.ParentRunner$1.schedule(ParentRunner.java:79)\n\tat org.junit.runners.ParentRunner.runChildren(ParentRunner.java:329)\n\tat org.junit.runners.ParentRunner.access$100(ParentRunner.java:66)\n\tat org.junit.runners.ParentRunner$2.evaluate(ParentRunner.java:293)\n\tat io.cucumber.junit.Cucumber$RunCucumber.evaluate(Cucumber.java:234)\n\tat org.junit.runners.ParentRunner$3.evaluate(ParentRunner.java:306)\n\tat org.junit.runners.ParentRunner.run(ParentRunner.java:413)\n\tat org.junit.runner.JUnitCore.run(JUnitCore.java:137)\n\tat com.intellij.junit4.JUnit4IdeaTestRunner.startRunnerWithArgs(JUnit4IdeaTestRunner.java:69)\n\tat com.intellij.rt.junit.IdeaTestRunner$Repeater.startRunnerWithArgs(IdeaTestRunner.java:33)\n\tat com.intellij.rt.junit.JUnitStarter.prepareStreamsAndStart(JUnitStarter.java:221)\n\tat com.intellij.rt.junit.JUnitStarter.main(JUnitStarter.java:54)\n",
              "duration": 387894,
              "status": "failed"
            },
            "line": 7,
            "name": "insert file CSV \"home23\"",
            "match": {
              "arguments": [
                {
                  "val": "\"home23\"",
                  "offset": 16
                }
              ],
              "location": "com.csv.CsvStep.userInsertFileCSV(java.lang.String)"
            },
            "keyword": "When "
          },
          {
            "result": {
              "duration": 82787,
              "status": "skipped"
            },
            "line": 8,
            "name": "convert the file and see content with first method",
            "match": {
              "location": "com.csv.CsvStep.convertTheFileAndSeeContentWithFirstMethod()"
            },
            "keyword": "Then "
          }
        ]
      },
      {
        "start_timestamp": "2021-05-26T15:17:21.845Z",
        "line": 34,
        "name": "file Csv to Json",
        "description": "",
        "id": "action-on-file-.csv;file-csv-to-json;;2",
        "type": "scenario",
        "keyword": "Scenario Outline",
        "steps": [
          {
            "result": {
              "duration": 117702,
              "status": "passed"
            },
            "line": 26,
            "name": "user have file",
            "match": {
              "location": "com.csv.CsvStep.userHaveFile()"
            },
            "keyword": "Given "
          },
          {
            "result": {
              "duration": 169993,
              "status": "passed"
            },
            "line": 27,
            "name": "insert file CSV \"/home/alessio/Downloads/biostats.csv\"",
            "match": {
              "arguments": [
                {
                  "val": "\"/home/alessio/Downloads/biostats.csv\"",
                  "offset": 16
                }
              ],
              "location": "com.csv.CsvStep.userInsertFileCSV(java.lang.String)"
            },
            "keyword": "When "
          },
          {
            "result": {
              "duration": 124103699,
              "status": "passed"
            },
            "line": 28,
            "name": "convert the file and see content with second method",
            "match": {
              "location": "com.csv.CsvStep.convertTheFileAndSeeContentWithSecondMethod()"
            },
            "keyword": "Then "
          }
        ]
      },
      {
        "start_timestamp": "2021-05-26T15:17:21.975Z",
        "line": 35,
        "name": "file Csv to Json",
        "description": "",
        "id": "action-on-file-.csv;file-csv-to-json;;3",
        "type": "scenario",
        "keyword": "Scenario Outline",
        "steps": [
          {
            "result": {
              "duration": 177211,
              "status": "passed"
            },
            "line": 26,
            "name": "user have file",
            "match": {
              "location": "com.csv.CsvStep.userHaveFile()"
            },
            "keyword": "Given "
          },
          {
            "result": {
              "error_message": "org.opentest4j.AssertionFailedError: Unexpected exception thrown: customexception.FileEmptyException: File empty\n\tat org.junit.jupiter.api.AssertDoesNotThrow.createAssertionFailedError(AssertDoesNotThrow.java:83)\n\tat org.junit.jupiter.api.AssertDoesNotThrow.assertDoesNotThrow(AssertDoesNotThrow.java:54)\n\tat org.junit.jupiter.api.AssertDoesNotThrow.assertDoesNotThrow(AssertDoesNotThrow.java:37)\n\tat org.junit.jupiter.api.Assertions.assertDoesNotThrow(Assertions.java:3060)\n\tat com.csv.CsvStep.userInsertFileCSV(CsvStep.java:23)\n\tat ✽.insert file CSV \"/home/alessio/Downloads/empty.csv\"(file:///home/alessio/IdeaProjects/java-csv/src/test/java/features/Csv.feature:27)\nCaused by: customexception.FileEmptyException: File empty\n\tat opencsv.Csv.setFile(Csv.java:142)\n\tat com.csv.CsvStep$1.execute(CsvStep.java:26)\n\tat org.junit.jupiter.api.AssertDoesNotThrow.assertDoesNotThrow(AssertDoesNotThrow.java:50)\n\tat org.junit.jupiter.api.AssertDoesNotThrow.assertDoesNotThrow(AssertDoesNotThrow.java:37)\n\tat org.junit.jupiter.api.Assertions.assertDoesNotThrow(Assertions.java:3060)\n\tat com.csv.CsvStep.userInsertFileCSV(CsvStep.java:23)\n\tat java.base/jdk.internal.reflect.NativeMethodAccessorImpl.invoke0(Native Method)\n\tat java.base/jdk.internal.reflect.NativeMethodAccessorImpl.invoke(NativeMethodAccessorImpl.java:78)\n\tat java.base/jdk.internal.reflect.DelegatingMethodAccessorImpl.invoke(DelegatingMethodAccessorImpl.java:43)\n\tat java.base/java.lang.reflect.Method.invoke(Method.java:567)\n\tat io.cucumber.java.Invoker.doInvoke(Invoker.java:66)\n\tat io.cucumber.java.Invoker.invoke(Invoker.java:24)\n\tat io.cucumber.java.AbstractGlueDefinition.invokeMethod(AbstractGlueDefinition.java:47)\n\tat io.cucumber.java.JavaStepDefinition.execute(JavaStepDefinition.java:29)\n\tat io.cucumber.core.runner.CoreStepDefinition.execute(CoreStepDefinition.java:66)\n\tat io.cucumber.core.runner.PickleStepDefinitionMatch.runStep(PickleStepDefinitionMatch.java:63)\n\tat io.cucumber.core.runner.ExecutionMode$1.execute(ExecutionMode.java:10)\n\tat io.cucumber.core.runner.TestStep.executeStep(TestStep.java:92)\n\tat io.cucumber.core.runner.TestStep.run(TestStep.java:64)\n\tat io.cucumber.core.runner.PickleStepTestStep.run(PickleStepTestStep.java:51)\n\tat io.cucumber.core.runner.TestCase.run(TestCase.java:104)\n\tat io.cucumber.core.runner.Runner.runPickle(Runner.java:71)\n\tat io.cucumber.junit.PickleRunners$NoStepDescriptions.run(PickleRunners.java:151)\n\tat io.cucumber.junit.FeatureRunner.runChild(FeatureRunner.java:135)\n\tat io.cucumber.junit.FeatureRunner.runChild(FeatureRunner.java:27)\n\tat org.junit.runners.ParentRunner$4.run(ParentRunner.java:331)\n\tat org.junit.runners.ParentRunner$1.schedule(ParentRunner.java:79)\n\tat org.junit.runners.ParentRunner.runChildren(ParentRunner.java:329)\n\tat org.junit.runners.ParentRunner.access$100(ParentRunner.java:66)\n\tat org.junit.runners.ParentRunner$2.evaluate(ParentRunner.java:293)\n\tat org.junit.runners.ParentRunner$3.evaluate(ParentRunner.java:306)\n\tat org.junit.runners.ParentRunner.run(ParentRunner.java:413)\n\tat io.cucumber.junit.Cucumber.runChild(Cucumber.java:199)\n\tat io.cucumber.junit.Cucumber.runChild(Cucumber.java:90)\n\tat org.junit.runners.ParentRunner$4.run(ParentRunner.java:331)\n\tat org.junit.runners.ParentRunner$1.schedule(ParentRunner.java:79)\n\tat org.junit.runners.ParentRunner.runChildren(ParentRunner.java:329)\n\tat org.junit.runners.ParentRunner.access$100(ParentRunner.java:66)\n\tat org.junit.runners.ParentRunner$2.evaluate(ParentRunner.java:293)\n\tat io.cucumber.junit.Cucumber$RunCucumber.evaluate(Cucumber.java:234)\n\tat org.junit.runners.ParentRunner$3.evaluate(ParentRunner.java:306)\n\tat org.junit.runners.ParentRunner.run(ParentRunner.java:413)\n\tat org.junit.runner.JUnitCore.run(JUnitCore.java:137)\n\tat com.intellij.junit4.JUnit4IdeaTestRunner.startRunnerWithArgs(JUnit4IdeaTestRunner.java:69)\n\tat com.intellij.rt.junit.IdeaTestRunner$Repeater.startRunnerWithArgs(IdeaTestRunner.java:33)\n\tat com.intellij.rt.junit.JUnitStarter.prepareStreamsAndStart(JUnitStarter.java:221)\n\tat com.intellij.rt.junit.JUnitStarter.main(JUnitStarter.java:54)\n",
              "duration": 445645,
              "status": "failed"
            },
            "line": 27,
            "name": "insert file CSV \"/home/alessio/Downloads/empty.csv\"",
            "match": {
              "arguments": [
                {
                  "val": "\"/home/alessio/Downloads/empty.csv\"",
                  "offset": 16
                }
              ],
              "location": "com.csv.CsvStep.userInsertFileCSV(java.lang.String)"
            },
            "keyword": "When "
          },
          {
            "result": {
              "duration": 167488,
              "status": "skipped"
            },
            "line": 28,
            "name": "convert the file and see content with second method",
            "match": {
              "location": "com.csv.CsvStep.convertTheFileAndSeeContentWithSecondMethod()"
            },
            "keyword": "Then "
          }
        ]
      },
      {
        "start_timestamp": "2021-05-26T15:17:21.988Z",
        "line": 36,
        "name": "file Csv to Json",
        "description": "",
        "id": "action-on-file-.csv;file-csv-to-json;;4",
        "type": "scenario",
        "keyword": "Scenario Outline",
        "steps": [
          {
            "result": {
              "duration": 171439,
              "status": "passed"
            },
            "line": 26,
            "name": "user have file",
            "match": {
              "location": "com.csv.CsvStep.userHaveFile()"
            },
            "keyword": "Given "
          },
          {
            "result": {
              "error_message": "org.opentest4j.AssertionFailedError: Unexpected exception thrown: customexception.NotCsvException: File not found or not Csv (control your file)\n\tat org.junit.jupiter.api.AssertDoesNotThrow.createAssertionFailedError(AssertDoesNotThrow.java:83)\n\tat org.junit.jupiter.api.AssertDoesNotThrow.assertDoesNotThrow(AssertDoesNotThrow.java:54)\n\tat org.junit.jupiter.api.AssertDoesNotThrow.assertDoesNotThrow(AssertDoesNotThrow.java:37)\n\tat org.junit.jupiter.api.Assertions.assertDoesNotThrow(Assertions.java:3060)\n\tat com.csv.CsvStep.userInsertFileCSV(CsvStep.java:23)\n\tat ✽.insert file CSV \"/home/alessio/Downloads/sur.css\"(file:///home/alessio/IdeaProjects/java-csv/src/test/java/features/Csv.feature:27)\nCaused by: customexception.NotCsvException: File not found or not Csv (control your file)\n\tat opencsv.Csv.setFile(Csv.java:147)\n\tat com.csv.CsvStep$1.execute(CsvStep.java:26)\n\tat org.junit.jupiter.api.AssertDoesNotThrow.assertDoesNotThrow(AssertDoesNotThrow.java:50)\n\tat org.junit.jupiter.api.AssertDoesNotThrow.assertDoesNotThrow(AssertDoesNotThrow.java:37)\n\tat org.junit.jupiter.api.Assertions.assertDoesNotThrow(Assertions.java:3060)\n\tat com.csv.CsvStep.userInsertFileCSV(CsvStep.java:23)\n\tat java.base/jdk.internal.reflect.NativeMethodAccessorImpl.invoke0(Native Method)\n\tat java.base/jdk.internal.reflect.NativeMethodAccessorImpl.invoke(NativeMethodAccessorImpl.java:78)\n\tat java.base/jdk.internal.reflect.DelegatingMethodAccessorImpl.invoke(DelegatingMethodAccessorImpl.java:43)\n\tat java.base/java.lang.reflect.Method.invoke(Method.java:567)\n\tat io.cucumber.java.Invoker.doInvoke(Invoker.java:66)\n\tat io.cucumber.java.Invoker.invoke(Invoker.java:24)\n\tat io.cucumber.java.AbstractGlueDefinition.invokeMethod(AbstractGlueDefinition.java:47)\n\tat io.cucumber.java.JavaStepDefinition.execute(JavaStepDefinition.java:29)\n\tat io.cucumber.core.runner.CoreStepDefinition.execute(CoreStepDefinition.java:66)\n\tat io.cucumber.core.runner.PickleStepDefinitionMatch.runStep(PickleStepDefinitionMatch.java:63)\n\tat io.cucumber.core.runner.ExecutionMode$1.execute(ExecutionMode.java:10)\n\tat io.cucumber.core.runner.TestStep.executeStep(TestStep.java:92)\n\tat io.cucumber.core.runner.TestStep.run(TestStep.java:64)\n\tat io.cucumber.core.runner.PickleStepTestStep.run(PickleStepTestStep.java:51)\n\tat io.cucumber.core.runner.TestCase.run(TestCase.java:104)\n\tat io.cucumber.core.runner.Runner.runPickle(Runner.java:71)\n\tat io.cucumber.junit.PickleRunners$NoStepDescriptions.run(PickleRunners.java:151)\n\tat io.cucumber.junit.FeatureRunner.runChild(FeatureRunner.java:135)\n\tat io.cucumber.junit.FeatureRunner.runChild(FeatureRunner.java:27)\n\tat org.junit.runners.ParentRunner$4.run(ParentRunner.java:331)\n\tat org.junit.runners.ParentRunner$1.schedule(ParentRunner.java:79)\n\tat org.junit.runners.ParentRunner.runChildren(ParentRunner.java:329)\n\tat org.junit.runners.ParentRunner.access$100(ParentRunner.java:66)\n\tat org.junit.runners.ParentRunner$2.evaluate(ParentRunner.java:293)\n\tat org.junit.runners.ParentRunner$3.evaluate(ParentRunner.java:306)\n\tat org.junit.runners.ParentRunner.run(ParentRunner.java:413)\n\tat io.cucumber.junit.Cucumber.runChild(Cucumber.java:199)\n\tat io.cucumber.junit.Cucumber.runChild(Cucumber.java:90)\n\tat org.junit.runners.ParentRunner$4.run(ParentRunner.java:331)\n\tat org.junit.runners.ParentRunner$1.schedule(ParentRunner.java:79)\n\tat org.junit.runners.ParentRunner.runChildren(ParentRunner.java:329)\n\tat org.junit.runners.ParentRunner.access$100(ParentRunner.java:66)\n\tat org.junit.runners.ParentRunner$2.evaluate(ParentRunner.java:293)\n\tat io.cucumber.junit.Cucumber$RunCucumber.evaluate(Cucumber.java:234)\n\tat org.junit.runners.ParentRunner$3.evaluate(ParentRunner.java:306)\n\tat org.junit.runners.ParentRunner.run(ParentRunner.java:413)\n\tat org.junit.runner.JUnitCore.run(JUnitCore.java:137)\n\tat com.intellij.junit4.JUnit4IdeaTestRunner.startRunnerWithArgs(JUnit4IdeaTestRunner.java:69)\n\tat com.intellij.rt.junit.IdeaTestRunner$Repeater.startRunnerWithArgs(IdeaTestRunner.java:33)\n\tat com.intellij.rt.junit.JUnitStarter.prepareStreamsAndStart(JUnitStarter.java:221)\n\tat com.intellij.rt.junit.JUnitStarter.main(JUnitStarter.java:54)\n",
              "duration": 680216,
              "status": "failed"
            },
            "line": 27,
            "name": "insert file CSV \"/home/alessio/Downloads/sur.css\"",
            "match": {
              "arguments": [
                {
                  "val": "\"/home/alessio/Downloads/sur.css\"",
                  "offset": 16
                }
              ],
              "location": "com.csv.CsvStep.userInsertFileCSV(java.lang.String)"
            },
            "keyword": "When "
          },
          {
            "result": {
              "duration": 147934,
              "status": "skipped"
            },
            "line": 28,
            "name": "convert the file and see content with second method",
            "match": {
              "location": "com.csv.CsvStep.convertTheFileAndSeeContentWithSecondMethod()"
            },
            "keyword": "Then "
          }
        ]
      },
      {
        "start_timestamp": "2021-05-26T15:17:21.998Z",
        "line": 37,
        "name": "file Csv to Json",
        "description": "",
        "id": "action-on-file-.csv;file-csv-to-json;;5",
        "type": "scenario",
        "keyword": "Scenario Outline",
        "steps": [
          {
            "result": {
              "duration": 174592,
              "status": "passed"
            },
            "line": 26,
            "name": "user have file",
            "match": {
              "location": "com.csv.CsvStep.userHaveFile()"
            },
            "keyword": "Given "
          },
          {
            "result": {
              "error_message": "org.opentest4j.AssertionFailedError: Unexpected exception thrown: customexception.NotCsvException: File not found or not Csv (control your file)\n\tat org.junit.jupiter.api.AssertDoesNotThrow.createAssertionFailedError(AssertDoesNotThrow.java:83)\n\tat org.junit.jupiter.api.AssertDoesNotThrow.assertDoesNotThrow(AssertDoesNotThrow.java:54)\n\tat org.junit.jupiter.api.AssertDoesNotThrow.assertDoesNotThrow(AssertDoesNotThrow.java:37)\n\tat org.junit.jupiter.api.Assertions.assertDoesNotThrow(Assertions.java:3060)\n\tat com.csv.CsvStep.userInsertFileCSV(CsvStep.java:23)\n\tat ✽.insert file CSV \"/home/alessio/Downloads/surprise.text\"(file:///home/alessio/IdeaProjects/java-csv/src/test/java/features/Csv.feature:27)\nCaused by: customexception.NotCsvException: File not found or not Csv (control your file)\n\tat opencsv.Csv.setFile(Csv.java:147)\n\tat com.csv.CsvStep$1.execute(CsvStep.java:26)\n\tat org.junit.jupiter.api.AssertDoesNotThrow.assertDoesNotThrow(AssertDoesNotThrow.java:50)\n\tat org.junit.jupiter.api.AssertDoesNotThrow.assertDoesNotThrow(AssertDoesNotThrow.java:37)\n\tat org.junit.jupiter.api.Assertions.assertDoesNotThrow(Assertions.java:3060)\n\tat com.csv.CsvStep.userInsertFileCSV(CsvStep.java:23)\n\tat java.base/jdk.internal.reflect.NativeMethodAccessorImpl.invoke0(Native Method)\n\tat java.base/jdk.internal.reflect.NativeMethodAccessorImpl.invoke(NativeMethodAccessorImpl.java:78)\n\tat java.base/jdk.internal.reflect.DelegatingMethodAccessorImpl.invoke(DelegatingMethodAccessorImpl.java:43)\n\tat java.base/java.lang.reflect.Method.invoke(Method.java:567)\n\tat io.cucumber.java.Invoker.doInvoke(Invoker.java:66)\n\tat io.cucumber.java.Invoker.invoke(Invoker.java:24)\n\tat io.cucumber.java.AbstractGlueDefinition.invokeMethod(AbstractGlueDefinition.java:47)\n\tat io.cucumber.java.JavaStepDefinition.execute(JavaStepDefinition.java:29)\n\tat io.cucumber.core.runner.CoreStepDefinition.execute(CoreStepDefinition.java:66)\n\tat io.cucumber.core.runner.PickleStepDefinitionMatch.runStep(PickleStepDefinitionMatch.java:63)\n\tat io.cucumber.core.runner.ExecutionMode$1.execute(ExecutionMode.java:10)\n\tat io.cucumber.core.runner.TestStep.executeStep(TestStep.java:92)\n\tat io.cucumber.core.runner.TestStep.run(TestStep.java:64)\n\tat io.cucumber.core.runner.PickleStepTestStep.run(PickleStepTestStep.java:51)\n\tat io.cucumber.core.runner.TestCase.run(TestCase.java:104)\n\tat io.cucumber.core.runner.Runner.runPickle(Runner.java:71)\n\tat io.cucumber.junit.PickleRunners$NoStepDescriptions.run(PickleRunners.java:151)\n\tat io.cucumber.junit.FeatureRunner.runChild(FeatureRunner.java:135)\n\tat io.cucumber.junit.FeatureRunner.runChild(FeatureRunner.java:27)\n\tat org.junit.runners.ParentRunner$4.run(ParentRunner.java:331)\n\tat org.junit.runners.ParentRunner$1.schedule(ParentRunner.java:79)\n\tat org.junit.runners.ParentRunner.runChildren(ParentRunner.java:329)\n\tat org.junit.runners.ParentRunner.access$100(ParentRunner.java:66)\n\tat org.junit.runners.ParentRunner$2.evaluate(ParentRunner.java:293)\n\tat org.junit.runners.ParentRunner$3.evaluate(ParentRunner.java:306)\n\tat org.junit.runners.ParentRunner.run(ParentRunner.java:413)\n\tat io.cucumber.junit.Cucumber.runChild(Cucumber.java:199)\n\tat io.cucumber.junit.Cucumber.runChild(Cucumber.java:90)\n\tat org.junit.runners.ParentRunner$4.run(ParentRunner.java:331)\n\tat org.junit.runners.ParentRunner$1.schedule(ParentRunner.java:79)\n\tat org.junit.runners.ParentRunner.runChildren(ParentRunner.java:329)\n\tat org.junit.runners.ParentRunner.access$100(ParentRunner.java:66)\n\tat org.junit.runners.ParentRunner$2.evaluate(ParentRunner.java:293)\n\tat io.cucumber.junit.Cucumber$RunCucumber.evaluate(Cucumber.java:234)\n\tat org.junit.runners.ParentRunner$3.evaluate(ParentRunner.java:306)\n\tat org.junit.runners.ParentRunner.run(ParentRunner.java:413)\n\tat org.junit.runner.JUnitCore.run(JUnitCore.java:137)\n\tat com.intellij.junit4.JUnit4IdeaTestRunner.startRunnerWithArgs(JUnit4IdeaTestRunner.java:69)\n\tat com.intellij.rt.junit.IdeaTestRunner$Repeater.startRunnerWithArgs(IdeaTestRunner.java:33)\n\tat com.intellij.rt.junit.JUnitStarter.prepareStreamsAndStart(JUnitStarter.java:221)\n\tat com.intellij.rt.junit.JUnitStarter.main(JUnitStarter.java:54)\n",
              "duration": 355703,
              "status": "failed"
            },
            "line": 27,
            "name": "insert file CSV \"/home/alessio/Downloads/surprise.text\"",
            "match": {
              "arguments": [
                {
                  "val": "\"/home/alessio/Downloads/surprise.text\"",
                  "offset": 16
                }
              ],
              "location": "com.csv.CsvStep.userInsertFileCSV(java.lang.String)"
            },
            "keyword": "When "
          },
          {
            "result": {
              "duration": 160831,
              "status": "skipped"
            },
            "line": 28,
            "name": "convert the file and see content with second method",
            "match": {
              "location": "com.csv.CsvStep.convertTheFileAndSeeContentWithSecondMethod()"
            },
            "keyword": "Then "
          }
        ]
      },
      {
        "start_timestamp": "2021-05-26T15:17:22.024Z",
        "line": 38,
        "name": "file Csv to Json",
        "description": "",
        "id": "action-on-file-.csv;file-csv-to-json;;6",
        "type": "scenario",
        "keyword": "Scenario Outline",
        "steps": [
          {
            "result": {
              "duration": 213154,
              "status": "passed"
            },
            "line": 26,
            "name": "user have file",
            "match": {
              "location": "com.csv.CsvStep.userHaveFile()"
            },
            "keyword": "Given "
          },
          {
            "result": {
              "error_message": "org.opentest4j.AssertionFailedError: Unexpected exception thrown: customexception.NotCsvException: File not found or not Csv (control your file)\n\tat org.junit.jupiter.api.AssertDoesNotThrow.createAssertionFailedError(AssertDoesNotThrow.java:83)\n\tat org.junit.jupiter.api.AssertDoesNotThrow.assertDoesNotThrow(AssertDoesNotThrow.java:54)\n\tat org.junit.jupiter.api.AssertDoesNotThrow.assertDoesNotThrow(AssertDoesNotThrow.java:37)\n\tat org.junit.jupiter.api.Assertions.assertDoesNotThrow(Assertions.java:3060)\n\tat com.csv.CsvStep.userInsertFileCSV(CsvStep.java:23)\n\tat ✽.insert file CSV \"/home/alessio/Downloads/\"(file:///home/alessio/IdeaProjects/java-csv/src/test/java/features/Csv.feature:27)\nCaused by: customexception.NotCsvException: File not found or not Csv (control your file)\n\tat opencsv.Csv.setFile(Csv.java:147)\n\tat com.csv.CsvStep$1.execute(CsvStep.java:26)\n\tat org.junit.jupiter.api.AssertDoesNotThrow.assertDoesNotThrow(AssertDoesNotThrow.java:50)\n\tat org.junit.jupiter.api.AssertDoesNotThrow.assertDoesNotThrow(AssertDoesNotThrow.java:37)\n\tat org.junit.jupiter.api.Assertions.assertDoesNotThrow(Assertions.java:3060)\n\tat com.csv.CsvStep.userInsertFileCSV(CsvStep.java:23)\n\tat java.base/jdk.internal.reflect.NativeMethodAccessorImpl.invoke0(Native Method)\n\tat java.base/jdk.internal.reflect.NativeMethodAccessorImpl.invoke(NativeMethodAccessorImpl.java:78)\n\tat java.base/jdk.internal.reflect.DelegatingMethodAccessorImpl.invoke(DelegatingMethodAccessorImpl.java:43)\n\tat java.base/java.lang.reflect.Method.invoke(Method.java:567)\n\tat io.cucumber.java.Invoker.doInvoke(Invoker.java:66)\n\tat io.cucumber.java.Invoker.invoke(Invoker.java:24)\n\tat io.cucumber.java.AbstractGlueDefinition.invokeMethod(AbstractGlueDefinition.java:47)\n\tat io.cucumber.java.JavaStepDefinition.execute(JavaStepDefinition.java:29)\n\tat io.cucumber.core.runner.CoreStepDefinition.execute(CoreStepDefinition.java:66)\n\tat io.cucumber.core.runner.PickleStepDefinitionMatch.runStep(PickleStepDefinitionMatch.java:63)\n\tat io.cucumber.core.runner.ExecutionMode$1.execute(ExecutionMode.java:10)\n\tat io.cucumber.core.runner.TestStep.executeStep(TestStep.java:92)\n\tat io.cucumber.core.runner.TestStep.run(TestStep.java:64)\n\tat io.cucumber.core.runner.PickleStepTestStep.run(PickleStepTestStep.java:51)\n\tat io.cucumber.core.runner.TestCase.run(TestCase.java:104)\n\tat io.cucumber.core.runner.Runner.runPickle(Runner.java:71)\n\tat io.cucumber.junit.PickleRunners$NoStepDescriptions.run(PickleRunners.java:151)\n\tat io.cucumber.junit.FeatureRunner.runChild(FeatureRunner.java:135)\n\tat io.cucumber.junit.FeatureRunner.runChild(FeatureRunner.java:27)\n\tat org.junit.runners.ParentRunner$4.run(ParentRunner.java:331)\n\tat org.junit.runners.ParentRunner$1.schedule(ParentRunner.java:79)\n\tat org.junit.runners.ParentRunner.runChildren(ParentRunner.java:329)\n\tat org.junit.runners.ParentRunner.access$100(ParentRunner.java:66)\n\tat org.junit.runners.ParentRunner$2.evaluate(ParentRunner.java:293)\n\tat org.junit.runners.ParentRunner$3.evaluate(ParentRunner.java:306)\n\tat org.junit.runners.ParentRunner.run(ParentRunner.java:413)\n\tat io.cucumber.junit.Cucumber.runChild(Cucumber.java:199)\n\tat io.cucumber.junit.Cucumber.runChild(Cucumber.java:90)\n\tat org.junit.runners.ParentRunner$4.run(ParentRunner.java:331)\n\tat org.junit.runners.ParentRunner$1.schedule(ParentRunner.java:79)\n\tat org.junit.runners.ParentRunner.runChildren(ParentRunner.java:329)\n\tat org.junit.runners.ParentRunner.access$100(ParentRunner.java:66)\n\tat org.junit.runners.ParentRunner$2.evaluate(ParentRunner.java:293)\n\tat io.cucumber.junit.Cucumber$RunCucumber.evaluate(Cucumber.java:234)\n\tat org.junit.runners.ParentRunner$3.evaluate(ParentRunner.java:306)\n\tat org.junit.runners.ParentRunner.run(ParentRunner.java:413)\n\tat org.junit.runner.JUnitCore.run(JUnitCore.java:137)\n\tat com.intellij.junit4.JUnit4IdeaTestRunner.startRunnerWithArgs(JUnit4IdeaTestRunner.java:69)\n\tat com.intellij.rt.junit.IdeaTestRunner$Repeater.startRunnerWithArgs(IdeaTestRunner.java:33)\n\tat com.intellij.rt.junit.JUnitStarter.prepareStreamsAndStart(JUnitStarter.java:221)\n\tat com.intellij.rt.junit.JUnitStarter.main(JUnitStarter.java:54)\n",
              "duration": 485012,
              "status": "failed"
            },
            "line": 27,
            "name": "insert file CSV \"/home/alessio/Downloads/\"",
            "match": {
              "arguments": [
                {
                  "val": "\"/home/alessio/Downloads/\"",
                  "offset": 16
                }
              ],
              "location": "com.csv.CsvStep.userInsertFileCSV(java.lang.String)"
            },
            "keyword": "When "
          },
          {
            "result": {
              "duration": 215251,
              "status": "skipped"
            },
            "line": 28,
            "name": "convert the file and see content with second method",
            "match": {
              "location": "com.csv.CsvStep.convertTheFileAndSeeContentWithSecondMethod()"
            },
            "keyword": "Then "
          }
        ]
      },
      {
        "start_timestamp": "2021-05-26T15:17:22.035Z",
        "line": 39,
        "name": "file Csv to Json",
        "description": "",
        "id": "action-on-file-.csv;file-csv-to-json;;7",
        "type": "scenario",
        "keyword": "Scenario Outline",
        "steps": [
          {
            "result": {
              "duration": 187973,
              "status": "passed"
            },
            "line": 26,
            "name": "user have file",
            "match": {
              "location": "com.csv.CsvStep.userHaveFile()"
            },
            "keyword": "Given "
          },
          {
            "result": {
              "error_message": "org.opentest4j.AssertionFailedError: Unexpected exception thrown: customexception.NotCsvException: File not found or not Csv (control your file)\n\tat org.junit.jupiter.api.AssertDoesNotThrow.createAssertionFailedError(AssertDoesNotThrow.java:83)\n\tat org.junit.jupiter.api.AssertDoesNotThrow.assertDoesNotThrow(AssertDoesNotThrow.java:54)\n\tat org.junit.jupiter.api.AssertDoesNotThrow.assertDoesNotThrow(AssertDoesNotThrow.java:37)\n\tat org.junit.jupiter.api.Assertions.assertDoesNotThrow(Assertions.java:3060)\n\tat com.csv.CsvStep.userInsertFileCSV(CsvStep.java:23)\n\tat ✽.insert file CSV \"null\"(file:///home/alessio/IdeaProjects/java-csv/src/test/java/features/Csv.feature:27)\nCaused by: customexception.NotCsvException: File not found or not Csv (control your file)\n\tat opencsv.Csv.setFile(Csv.java:147)\n\tat com.csv.CsvStep$1.execute(CsvStep.java:26)\n\tat org.junit.jupiter.api.AssertDoesNotThrow.assertDoesNotThrow(AssertDoesNotThrow.java:50)\n\tat org.junit.jupiter.api.AssertDoesNotThrow.assertDoesNotThrow(AssertDoesNotThrow.java:37)\n\tat org.junit.jupiter.api.Assertions.assertDoesNotThrow(Assertions.java:3060)\n\tat com.csv.CsvStep.userInsertFileCSV(CsvStep.java:23)\n\tat java.base/jdk.internal.reflect.NativeMethodAccessorImpl.invoke0(Native Method)\n\tat java.base/jdk.internal.reflect.NativeMethodAccessorImpl.invoke(NativeMethodAccessorImpl.java:78)\n\tat java.base/jdk.internal.reflect.DelegatingMethodAccessorImpl.invoke(DelegatingMethodAccessorImpl.java:43)\n\tat java.base/java.lang.reflect.Method.invoke(Method.java:567)\n\tat io.cucumber.java.Invoker.doInvoke(Invoker.java:66)\n\tat io.cucumber.java.Invoker.invoke(Invoker.java:24)\n\tat io.cucumber.java.AbstractGlueDefinition.invokeMethod(AbstractGlueDefinition.java:47)\n\tat io.cucumber.java.JavaStepDefinition.execute(JavaStepDefinition.java:29)\n\tat io.cucumber.core.runner.CoreStepDefinition.execute(CoreStepDefinition.java:66)\n\tat io.cucumber.core.runner.PickleStepDefinitionMatch.runStep(PickleStepDefinitionMatch.java:63)\n\tat io.cucumber.core.runner.ExecutionMode$1.execute(ExecutionMode.java:10)\n\tat io.cucumber.core.runner.TestStep.executeStep(TestStep.java:92)\n\tat io.cucumber.core.runner.TestStep.run(TestStep.java:64)\n\tat io.cucumber.core.runner.PickleStepTestStep.run(PickleStepTestStep.java:51)\n\tat io.cucumber.core.runner.TestCase.run(TestCase.java:104)\n\tat io.cucumber.core.runner.Runner.runPickle(Runner.java:71)\n\tat io.cucumber.junit.PickleRunners$NoStepDescriptions.run(PickleRunners.java:151)\n\tat io.cucumber.junit.FeatureRunner.runChild(FeatureRunner.java:135)\n\tat io.cucumber.junit.FeatureRunner.runChild(FeatureRunner.java:27)\n\tat org.junit.runners.ParentRunner$4.run(ParentRunner.java:331)\n\tat org.junit.runners.ParentRunner$1.schedule(ParentRunner.java:79)\n\tat org.junit.runners.ParentRunner.runChildren(ParentRunner.java:329)\n\tat org.junit.runners.ParentRunner.access$100(ParentRunner.java:66)\n\tat org.junit.runners.ParentRunner$2.evaluate(ParentRunner.java:293)\n\tat org.junit.runners.ParentRunner$3.evaluate(ParentRunner.java:306)\n\tat org.junit.runners.ParentRunner.run(ParentRunner.java:413)\n\tat io.cucumber.junit.Cucumber.runChild(Cucumber.java:199)\n\tat io.cucumber.junit.Cucumber.runChild(Cucumber.java:90)\n\tat org.junit.runners.ParentRunner$4.run(ParentRunner.java:331)\n\tat org.junit.runners.ParentRunner$1.schedule(ParentRunner.java:79)\n\tat org.junit.runners.ParentRunner.runChildren(ParentRunner.java:329)\n\tat org.junit.runners.ParentRunner.access$100(ParentRunner.java:66)\n\tat org.junit.runners.ParentRunner$2.evaluate(ParentRunner.java:293)\n\tat io.cucumber.junit.Cucumber$RunCucumber.evaluate(Cucumber.java:234)\n\tat org.junit.runners.ParentRunner$3.evaluate(ParentRunner.java:306)\n\tat org.junit.runners.ParentRunner.run(ParentRunner.java:413)\n\tat org.junit.runner.JUnitCore.run(JUnitCore.java:137)\n\tat com.intellij.junit4.JUnit4IdeaTestRunner.startRunnerWithArgs(JUnit4IdeaTestRunner.java:69)\n\tat com.intellij.rt.junit.IdeaTestRunner$Repeater.startRunnerWithArgs(IdeaTestRunner.java:33)\n\tat com.intellij.rt.junit.JUnitStarter.prepareStreamsAndStart(JUnitStarter.java:221)\n\tat com.intellij.rt.junit.JUnitStarter.main(JUnitStarter.java:54)\n",
              "duration": 465172,
              "status": "failed"
            },
            "line": 27,
            "name": "insert file CSV \"null\"",
            "match": {
              "arguments": [
                {
                  "val": "\"null\"",
                  "offset": 16
                }
              ],
              "location": "com.csv.CsvStep.userInsertFileCSV(java.lang.String)"
            },
            "keyword": "When "
          },
          {
            "result": {
              "duration": 113277,
              "status": "skipped"
            },
            "line": 28,
            "name": "convert the file and see content with second method",
            "match": {
              "location": "com.csv.CsvStep.convertTheFileAndSeeContentWithSecondMethod()"
            },
            "keyword": "Then "
          }
        ]
      },
      {
        "start_timestamp": "2021-05-26T15:17:22.044Z",
        "line": 40,
        "name": "file Csv to Json",
        "description": "",
        "id": "action-on-file-.csv;file-csv-to-json;;8",
        "type": "scenario",
        "keyword": "Scenario Outline",
        "steps": [
          {
            "result": {
              "duration": 848828,
              "status": "passed"
            },
            "line": 26,
            "name": "user have file",
            "match": {
              "location": "com.csv.CsvStep.userHaveFile()"
            },
            "keyword": "Given "
          },
          {
            "result": {
              "error_message": "org.opentest4j.AssertionFailedError: Unexpected exception thrown: customexception.NotCsvException: File not found or not Csv (control your file)\n\tat org.junit.jupiter.api.AssertDoesNotThrow.createAssertionFailedError(AssertDoesNotThrow.java:83)\n\tat org.junit.jupiter.api.AssertDoesNotThrow.assertDoesNotThrow(AssertDoesNotThrow.java:54)\n\tat org.junit.jupiter.api.AssertDoesNotThrow.assertDoesNotThrow(AssertDoesNotThrow.java:37)\n\tat org.junit.jupiter.api.Assertions.assertDoesNotThrow(Assertions.java:3060)\n\tat com.csv.CsvStep.userInsertFileCSV(CsvStep.java:23)\n\tat ✽.insert file CSV \"home\"(file:///home/alessio/IdeaProjects/java-csv/src/test/java/features/Csv.feature:27)\nCaused by: customexception.NotCsvException: File not found or not Csv (control your file)\n\tat opencsv.Csv.setFile(Csv.java:147)\n\tat com.csv.CsvStep$1.execute(CsvStep.java:26)\n\tat org.junit.jupiter.api.AssertDoesNotThrow.assertDoesNotThrow(AssertDoesNotThrow.java:50)\n\tat org.junit.jupiter.api.AssertDoesNotThrow.assertDoesNotThrow(AssertDoesNotThrow.java:37)\n\tat org.junit.jupiter.api.Assertions.assertDoesNotThrow(Assertions.java:3060)\n\tat com.csv.CsvStep.userInsertFileCSV(CsvStep.java:23)\n\tat java.base/jdk.internal.reflect.NativeMethodAccessorImpl.invoke0(Native Method)\n\tat java.base/jdk.internal.reflect.NativeMethodAccessorImpl.invoke(NativeMethodAccessorImpl.java:78)\n\tat java.base/jdk.internal.reflect.DelegatingMethodAccessorImpl.invoke(DelegatingMethodAccessorImpl.java:43)\n\tat java.base/java.lang.reflect.Method.invoke(Method.java:567)\n\tat io.cucumber.java.Invoker.doInvoke(Invoker.java:66)\n\tat io.cucumber.java.Invoker.invoke(Invoker.java:24)\n\tat io.cucumber.java.AbstractGlueDefinition.invokeMethod(AbstractGlueDefinition.java:47)\n\tat io.cucumber.java.JavaStepDefinition.execute(JavaStepDefinition.java:29)\n\tat io.cucumber.core.runner.CoreStepDefinition.execute(CoreStepDefinition.java:66)\n\tat io.cucumber.core.runner.PickleStepDefinitionMatch.runStep(PickleStepDefinitionMatch.java:63)\n\tat io.cucumber.core.runner.ExecutionMode$1.execute(ExecutionMode.java:10)\n\tat io.cucumber.core.runner.TestStep.executeStep(TestStep.java:92)\n\tat io.cucumber.core.runner.TestStep.run(TestStep.java:64)\n\tat io.cucumber.core.runner.PickleStepTestStep.run(PickleStepTestStep.java:51)\n\tat io.cucumber.core.runner.TestCase.run(TestCase.java:104)\n\tat io.cucumber.core.runner.Runner.runPickle(Runner.java:71)\n\tat io.cucumber.junit.PickleRunners$NoStepDescriptions.run(PickleRunners.java:151)\n\tat io.cucumber.junit.FeatureRunner.runChild(FeatureRunner.java:135)\n\tat io.cucumber.junit.FeatureRunner.runChild(FeatureRunner.java:27)\n\tat org.junit.runners.ParentRunner$4.run(ParentRunner.java:331)\n\tat org.junit.runners.ParentRunner$1.schedule(ParentRunner.java:79)\n\tat org.junit.runners.ParentRunner.runChildren(ParentRunner.java:329)\n\tat org.junit.runners.ParentRunner.access$100(ParentRunner.java:66)\n\tat org.junit.runners.ParentRunner$2.evaluate(ParentRunner.java:293)\n\tat org.junit.runners.ParentRunner$3.evaluate(ParentRunner.java:306)\n\tat org.junit.runners.ParentRunner.run(ParentRunner.java:413)\n\tat io.cucumber.junit.Cucumber.runChild(Cucumber.java:199)\n\tat io.cucumber.junit.Cucumber.runChild(Cucumber.java:90)\n\tat org.junit.runners.ParentRunner$4.run(ParentRunner.java:331)\n\tat org.junit.runners.ParentRunner$1.schedule(ParentRunner.java:79)\n\tat org.junit.runners.ParentRunner.runChildren(ParentRunner.java:329)\n\tat org.junit.runners.ParentRunner.access$100(ParentRunner.java:66)\n\tat org.junit.runners.ParentRunner$2.evaluate(ParentRunner.java:293)\n\tat io.cucumber.junit.Cucumber$RunCucumber.evaluate(Cucumber.java:234)\n\tat org.junit.runners.ParentRunner$3.evaluate(ParentRunner.java:306)\n\tat org.junit.runners.ParentRunner.run(ParentRunner.java:413)\n\tat org.junit.runner.JUnitCore.run(JUnitCore.java:137)\n\tat com.intellij.junit4.JUnit4IdeaTestRunner.startRunnerWithArgs(JUnit4IdeaTestRunner.java:69)\n\tat com.intellij.rt.junit.IdeaTestRunner$Repeater.startRunnerWithArgs(IdeaTestRunner.java:33)\n\tat com.intellij.rt.junit.JUnitStarter.prepareStreamsAndStart(JUnitStarter.java:221)\n\tat com.intellij.rt.junit.JUnitStarter.main(JUnitStarter.java:54)\n",
              "duration": 808638,
              "status": "failed"
            },
            "line": 27,
            "name": "insert file CSV \"home\"",
            "match": {
              "arguments": [
                {
                  "val": "\"home\"",
                  "offset": 16
                }
              ],
              "location": "com.csv.CsvStep.userInsertFileCSV(java.lang.String)"
            },
            "keyword": "When "
          },
          {
            "result": {
              "duration": 152844,
              "status": "skipped"
            },
            "line": 28,
            "name": "convert the file and see content with second method",
            "match": {
              "location": "com.csv.CsvStep.convertTheFileAndSeeContentWithSecondMethod()"
            },
            "keyword": "Then "
          }
        ]
      },
      {
        "start_timestamp": "2021-05-26T15:17:22.058Z",
        "line": 41,
        "name": "file Csv to Json",
        "description": "",
        "id": "action-on-file-.csv;file-csv-to-json;;9",
        "type": "scenario",
        "keyword": "Scenario Outline",
        "steps": [
          {
            "result": {
              "duration": 206682,
              "status": "passed"
            },
            "line": 26,
            "name": "user have file",
            "match": {
              "location": "com.csv.CsvStep.userHaveFile()"
            },
            "keyword": "Given "
          },
          {
            "result": {
              "error_message": "org.opentest4j.AssertionFailedError: Unexpected exception thrown: customexception.NotCsvException: File not found or not Csv (control your file)\n\tat org.junit.jupiter.api.AssertDoesNotThrow.createAssertionFailedError(AssertDoesNotThrow.java:83)\n\tat org.junit.jupiter.api.AssertDoesNotThrow.assertDoesNotThrow(AssertDoesNotThrow.java:54)\n\tat org.junit.jupiter.api.AssertDoesNotThrow.assertDoesNotThrow(AssertDoesNotThrow.java:37)\n\tat org.junit.jupiter.api.Assertions.assertDoesNotThrow(Assertions.java:3060)\n\tat com.csv.CsvStep.userInsertFileCSV(CsvStep.java:23)\n\tat ✽.insert file CSV \"1234\"(file:///home/alessio/IdeaProjects/java-csv/src/test/java/features/Csv.feature:27)\nCaused by: customexception.NotCsvException: File not found or not Csv (control your file)\n\tat opencsv.Csv.setFile(Csv.java:147)\n\tat com.csv.CsvStep$1.execute(CsvStep.java:26)\n\tat org.junit.jupiter.api.AssertDoesNotThrow.assertDoesNotThrow(AssertDoesNotThrow.java:50)\n\tat org.junit.jupiter.api.AssertDoesNotThrow.assertDoesNotThrow(AssertDoesNotThrow.java:37)\n\tat org.junit.jupiter.api.Assertions.assertDoesNotThrow(Assertions.java:3060)\n\tat com.csv.CsvStep.userInsertFileCSV(CsvStep.java:23)\n\tat jdk.internal.reflect.GeneratedMethodAccessor92.invoke(Unknown Source)\n\tat java.base/jdk.internal.reflect.DelegatingMethodAccessorImpl.invoke(DelegatingMethodAccessorImpl.java:43)\n\tat java.base/java.lang.reflect.Method.invoke(Method.java:567)\n\tat io.cucumber.java.Invoker.doInvoke(Invoker.java:66)\n\tat io.cucumber.java.Invoker.invoke(Invoker.java:24)\n\tat io.cucumber.java.AbstractGlueDefinition.invokeMethod(AbstractGlueDefinition.java:47)\n\tat io.cucumber.java.JavaStepDefinition.execute(JavaStepDefinition.java:29)\n\tat io.cucumber.core.runner.CoreStepDefinition.execute(CoreStepDefinition.java:66)\n\tat io.cucumber.core.runner.PickleStepDefinitionMatch.runStep(PickleStepDefinitionMatch.java:63)\n\tat io.cucumber.core.runner.ExecutionMode$1.execute(ExecutionMode.java:10)\n\tat io.cucumber.core.runner.TestStep.executeStep(TestStep.java:92)\n\tat io.cucumber.core.runner.TestStep.run(TestStep.java:64)\n\tat io.cucumber.core.runner.PickleStepTestStep.run(PickleStepTestStep.java:51)\n\tat io.cucumber.core.runner.TestCase.run(TestCase.java:104)\n\tat io.cucumber.core.runner.Runner.runPickle(Runner.java:71)\n\tat io.cucumber.junit.PickleRunners$NoStepDescriptions.run(PickleRunners.java:151)\n\tat io.cucumber.junit.FeatureRunner.runChild(FeatureRunner.java:135)\n\tat io.cucumber.junit.FeatureRunner.runChild(FeatureRunner.java:27)\n\tat org.junit.runners.ParentRunner$4.run(ParentRunner.java:331)\n\tat org.junit.runners.ParentRunner$1.schedule(ParentRunner.java:79)\n\tat org.junit.runners.ParentRunner.runChildren(ParentRunner.java:329)\n\tat org.junit.runners.ParentRunner.access$100(ParentRunner.java:66)\n\tat org.junit.runners.ParentRunner$2.evaluate(ParentRunner.java:293)\n\tat org.junit.runners.ParentRunner$3.evaluate(ParentRunner.java:306)\n\tat org.junit.runners.ParentRunner.run(ParentRunner.java:413)\n\tat io.cucumber.junit.Cucumber.runChild(Cucumber.java:199)\n\tat io.cucumber.junit.Cucumber.runChild(Cucumber.java:90)\n\tat org.junit.runners.ParentRunner$4.run(ParentRunner.java:331)\n\tat org.junit.runners.ParentRunner$1.schedule(ParentRunner.java:79)\n\tat org.junit.runners.ParentRunner.runChildren(ParentRunner.java:329)\n\tat org.junit.runners.ParentRunner.access$100(ParentRunner.java:66)\n\tat org.junit.runners.ParentRunner$2.evaluate(ParentRunner.java:293)\n\tat io.cucumber.junit.Cucumber$RunCucumber.evaluate(Cucumber.java:234)\n\tat org.junit.runners.ParentRunner$3.evaluate(ParentRunner.java:306)\n\tat org.junit.runners.ParentRunner.run(ParentRunner.java:413)\n\tat org.junit.runner.JUnitCore.run(JUnitCore.java:137)\n\tat com.intellij.junit4.JUnit4IdeaTestRunner.startRunnerWithArgs(JUnit4IdeaTestRunner.java:69)\n\tat com.intellij.rt.junit.IdeaTestRunner$Repeater.startRunnerWithArgs(IdeaTestRunner.java:33)\n\tat com.intellij.rt.junit.JUnitStarter.prepareStreamsAndStart(JUnitStarter.java:221)\n\tat com.intellij.rt.junit.JUnitStarter.main(JUnitStarter.java:54)\n",
              "duration": 479785,
              "status": "failed"
            },
            "line": 27,
            "name": "insert file CSV \"1234\"",
            "match": {
              "arguments": [
                {
                  "val": "\"1234\"",
                  "offset": 16
                }
              ],
              "location": "com.csv.CsvStep.userInsertFileCSV(java.lang.String)"
            },
            "keyword": "When "
          },
          {
            "result": {
              "duration": 139743,
              "status": "skipped"
            },
            "line": 28,
            "name": "convert the file and see content with second method",
            "match": {
              "location": "com.csv.CsvStep.convertTheFileAndSeeContentWithSecondMethod()"
            },
            "keyword": "Then "
          }
        ]
      },
      {
        "start_timestamp": "2021-05-26T15:17:22.067Z",
        "line": 42,
        "name": "file Csv to Json",
        "description": "",
        "id": "action-on-file-.csv;file-csv-to-json;;10",
        "type": "scenario",
        "keyword": "Scenario Outline",
        "steps": [
          {
            "result": {
              "duration": 159037,
              "status": "passed"
            },
            "line": 26,
            "name": "user have file",
            "match": {
              "location": "com.csv.CsvStep.userHaveFile()"
            },
            "keyword": "Given "
          },
          {
            "result": {
              "error_message": "org.opentest4j.AssertionFailedError: Unexpected exception thrown: customexception.NotCsvException: File not found or not Csv (control your file)\n\tat org.junit.jupiter.api.AssertDoesNotThrow.createAssertionFailedError(AssertDoesNotThrow.java:83)\n\tat org.junit.jupiter.api.AssertDoesNotThrow.assertDoesNotThrow(AssertDoesNotThrow.java:54)\n\tat org.junit.jupiter.api.AssertDoesNotThrow.assertDoesNotThrow(AssertDoesNotThrow.java:37)\n\tat org.junit.jupiter.api.Assertions.assertDoesNotThrow(Assertions.java:3060)\n\tat com.csv.CsvStep.userInsertFileCSV(CsvStep.java:23)\n\tat ✽.insert file CSV \"home23\"(file:///home/alessio/IdeaProjects/java-csv/src/test/java/features/Csv.feature:27)\nCaused by: customexception.NotCsvException: File not found or not Csv (control your file)\n\tat opencsv.Csv.setFile(Csv.java:147)\n\tat com.csv.CsvStep$1.execute(CsvStep.java:26)\n\tat org.junit.jupiter.api.AssertDoesNotThrow.assertDoesNotThrow(AssertDoesNotThrow.java:50)\n\tat org.junit.jupiter.api.AssertDoesNotThrow.assertDoesNotThrow(AssertDoesNotThrow.java:37)\n\tat org.junit.jupiter.api.Assertions.assertDoesNotThrow(Assertions.java:3060)\n\tat com.csv.CsvStep.userInsertFileCSV(CsvStep.java:23)\n\tat jdk.internal.reflect.GeneratedMethodAccessor92.invoke(Unknown Source)\n\tat java.base/jdk.internal.reflect.DelegatingMethodAccessorImpl.invoke(DelegatingMethodAccessorImpl.java:43)\n\tat java.base/java.lang.reflect.Method.invoke(Method.java:567)\n\tat io.cucumber.java.Invoker.doInvoke(Invoker.java:66)\n\tat io.cucumber.java.Invoker.invoke(Invoker.java:24)\n\tat io.cucumber.java.AbstractGlueDefinition.invokeMethod(AbstractGlueDefinition.java:47)\n\tat io.cucumber.java.JavaStepDefinition.execute(JavaStepDefinition.java:29)\n\tat io.cucumber.core.runner.CoreStepDefinition.execute(CoreStepDefinition.java:66)\n\tat io.cucumber.core.runner.PickleStepDefinitionMatch.runStep(PickleStepDefinitionMatch.java:63)\n\tat io.cucumber.core.runner.ExecutionMode$1.execute(ExecutionMode.java:10)\n\tat io.cucumber.core.runner.TestStep.executeStep(TestStep.java:92)\n\tat io.cucumber.core.runner.TestStep.run(TestStep.java:64)\n\tat io.cucumber.core.runner.PickleStepTestStep.run(PickleStepTestStep.java:51)\n\tat io.cucumber.core.runner.TestCase.run(TestCase.java:104)\n\tat io.cucumber.core.runner.Runner.runPickle(Runner.java:71)\n\tat io.cucumber.junit.PickleRunners$NoStepDescriptions.run(PickleRunners.java:151)\n\tat io.cucumber.junit.FeatureRunner.runChild(FeatureRunner.java:135)\n\tat io.cucumber.junit.FeatureRunner.runChild(FeatureRunner.java:27)\n\tat org.junit.runners.ParentRunner$4.run(ParentRunner.java:331)\n\tat org.junit.runners.ParentRunner$1.schedule(ParentRunner.java:79)\n\tat org.junit.runners.ParentRunner.runChildren(ParentRunner.java:329)\n\tat org.junit.runners.ParentRunner.access$100(ParentRunner.java:66)\n\tat org.junit.runners.ParentRunner$2.evaluate(ParentRunner.java:293)\n\tat org.junit.runners.ParentRunner$3.evaluate(ParentRunner.java:306)\n\tat org.junit.runners.ParentRunner.run(ParentRunner.java:413)\n\tat io.cucumber.junit.Cucumber.runChild(Cucumber.java:199)\n\tat io.cucumber.junit.Cucumber.runChild(Cucumber.java:90)\n\tat org.junit.runners.ParentRunner$4.run(ParentRunner.java:331)\n\tat org.junit.runners.ParentRunner$1.schedule(ParentRunner.java:79)\n\tat org.junit.runners.ParentRunner.runChildren(ParentRunner.java:329)\n\tat org.junit.runners.ParentRunner.access$100(ParentRunner.java:66)\n\tat org.junit.runners.ParentRunner$2.evaluate(ParentRunner.java:293)\n\tat io.cucumber.junit.Cucumber$RunCucumber.evaluate(Cucumber.java:234)\n\tat org.junit.runners.ParentRunner$3.evaluate(ParentRunner.java:306)\n\tat org.junit.runners.ParentRunner.run(ParentRunner.java:413)\n\tat org.junit.runner.JUnitCore.run(JUnitCore.java:137)\n\tat com.intellij.junit4.JUnit4IdeaTestRunner.startRunnerWithArgs(JUnit4IdeaTestRunner.java:69)\n\tat com.intellij.rt.junit.IdeaTestRunner$Repeater.startRunnerWithArgs(IdeaTestRunner.java:33)\n\tat com.intellij.rt.junit.JUnitStarter.prepareStreamsAndStart(JUnitStarter.java:221)\n\tat com.intellij.rt.junit.JUnitStarter.main(JUnitStarter.java:54)\n",
              "duration": 405186,
              "status": "failed"
            },
            "line": 27,
            "name": "insert file CSV \"home23\"",
            "match": {
              "arguments": [
                {
                  "val": "\"home23\"",
                  "offset": 16
                }
              ],
              "location": "com.csv.CsvStep.userInsertFileCSV(java.lang.String)"
            },
            "keyword": "When "
          },
          {
            "result": {
              "duration": 139956,
              "status": "skipped"
            },
            "line": 28,
            "name": "convert the file and see content with second method",
            "match": {
              "location": "com.csv.CsvStep.convertTheFileAndSeeContentWithSecondMethod()"
            },
            "keyword": "Then "
          }
        ]
      }
    ],
    "name": "Action on file .csv",
    "description": "  A user have a file .csv, and\n  he want to convert in .json file",
    "id": "action-on-file-.csv",
    "keyword": "Feature",
    "uri": "file:src/test/java/features/Csv.feature",
    "tags": []
  }
]